---------------------------------------------------------------
[ 2021-09-04T05:48:35+08:00 ] 101.132.101.26 GET fywjd.jxsxkeji.com/
[运行时间：0.121622s] [吞吐率：8.22req/s] [内存消耗：3,230.34kb] [文件加载：82]
[ info ] [ BEHAVIOR ] Run Closure @app_init [ RunTime:0.000017s ]
[ info ] [ CACHE ] INIT File
[ info ] [ BEHAVIOR ] Run \addons\cms\Cms @app_init [ RunTime:0.003959s ]
[ info ] [ BEHAVIOR ] Run \addons\epay\Epay @app_init [ RunTime:0.000026s ]
[ info ] [ BEHAVIOR ] Run Closure @app_init [ RunTime:0.000042s ]
[ info ] [ LANG ] /www/wwwroot/fywjd.jxsxkeji.com/thinkphp/lang/zh-cn.php
[ info ] [ ROUTE ] array (
  'type' => 'module',
  'module' => 
  array (
    0 => '',
    1 => NULL,
    2 => NULL,
  ),
)
[ info ] [ HEADER ] array (
  'accept-encoding' => 'gzip',
  'connection' => 'Keep-Alive',
  'host' => 'fywjd.jxsxkeji.com',
  'user-agent' => 'Mozilla/5.0 (X11; Ubuntu; Linux x86_64; rv:36.0) Gecko/20100101 Firefox/36.0',
  'content-type' => '',
  'content-length' => '',
)
[ info ] [ PARAM ] array (
)
[ info ] [ LANG ] /www/wwwroot/fywjd.jxsxkeji.com/public/../application/admin/lang/zh-cn.php
[ info ] [ BEHAVIOR ] Run app\common\behavior\Common @module_init [ RunTime:0.002950s ]
[ info ] [ SESSION ] INIT array (
  'id' => '',
  'var_session_id' => '',
  'prefix' => 'think',
  'type' => '',
  'auto_start' => true,
  'expire' => 86400,
)
[ info ] [ BEHAVIOR ] Run app\admin\behavior\AdminLog @app_end [ RunTime:0.000529s ]
[ info ] [ BEHAVIOR ] Run \addons\cms\Cms @response_send [ RunTime:0.000868s ]
[ info ] [ LOG ] INIT File
---------------------------------------------------------------
[ 2021-09-04T05:48:35+08:00 ] 101.132.101.26 GET fywjd.jxsxkeji.com/admin/index/login
[运行时间：0.028464s] [吞吐率：35.13req/s] [内存消耗：3,560.20kb] [文件加载：90]
[ info ] [ BEHAVIOR ] Run Closure @app_init [ RunTime:0.000012s ]
[ info ] [ CACHE ] INIT File
[ info ] [ BEHAVIOR ] Run \addons\cms\Cms @app_init [ RunTime:0.001400s ]
[ info ] [ BEHAVIOR ] Run \addons\epay\Epay @app_init [ RunTime:0.000024s ]
[ info ] [ BEHAVIOR ] Run Closure @app_init [ RunTime:0.000039s ]
[ info ] [ LANG ] /www/wwwroot/fywjd.jxsxkeji.com/thinkphp/lang/zh-cn.php
[ info ] [ ROUTE ] array (
  'type' => 'module',
  'module' => 
  array (
    0 => 'admin',
    1 => 'index',
    2 => 'login',
  ),
)
[ info ] [ HEADER ] array (
  'accept-encoding' => 'gzip',
  'connection' => 'Keep-Alive',
  'host' => 'fywjd.jxsxkeji.com',
  'user-agent' => 'Mozilla/5.0 (X11; Ubuntu; Linux x86_64; rv:36.0) Gecko/20100101 Firefox/36.0',
  'content-type' => '',
  'content-length' => '',
)
[ info ] [ PARAM ] array (
)
[ info ] [ LANG ] /www/wwwroot/fywjd.jxsxkeji.com/public/../application/admin/lang/zh-cn.php
[ info ] [ BEHAVIOR ] Run app\common\behavior\Common @module_init [ RunTime:0.000897s ]
[ info ] [ SESSION ] INIT array (
  'id' => '',
  'var_session_id' => '',
  'prefix' => 'think',
  'type' => '',
  'auto_start' => true,
  'expire' => 86400,
)
[ info ] [ BEHAVIOR ] Run \addons\geetest\Geetest @config_init [ RunTime:0.000435s ]
[ info ] [ BEHAVIOR ] Run \addons\nkeditor\Nkeditor @config_init [ RunTime:0.000364s ]
[ info ] [ LANG ] /www/wwwroot/fywjd.jxsxkeji.com/public/../application/admin/lang/zh-cn/index.php
[ info ] [ BEHAVIOR ] Run \addons\geetest\Geetest @action_begin [ RunTime:0.000023s ]
[ info ] [ RUN ] app\admin\controller\Index->login[ /www/wwwroot/fywjd.jxsxkeji.com/application/admin/controller/Index.php ]
[ info ] [ BEHAVIOR ] Run \addons\loginbg\Loginbg @admin_login_init [ RunTime:0.000321s ]
[ info ] [ VIEW ] /www/wwwroot/fywjd.jxsxkeji.com/public/../application/admin/view/index/login.html [ array (
  0 => 'breadcrumb',
  1 => 'site',
  2 => 'config',
  3 => 'auth',
  4 => 'admin',
  5 => 'logo',
  6 => 'back',
  7 => 'title',
  8 => 'background',
) ]
[ info ] [ BEHAVIOR ] Run app\admin\behavior\AdminLog @app_end [ RunTime:0.000055s ]
[ info ] [ BEHAVIOR ] Run \addons\cms\Cms @response_send [ RunTime:0.000044s ]
[ info ] [ LOG ] INIT File
[ error ] [2]ini_set(): A session is active. You cannot change the session module's ini settings at this time[/www/wwwroot/fywjd.jxsxkeji.com/thinkphp/library/think/Cookie.php:49]
---------------------------------------------------------------
[ 2021-09-04T12:10:06+08:00 ] 223.104.170.33 POST fywjd.jxsxkeji.com/api/common/getTemplateList
[运行时间：0.136975s] [吞吐率：7.30req/s] [内存消耗：3,263.13kb] [文件加载：79]
[ info ] [ BEHAVIOR ] Run Closure @app_init [ RunTime:0.000017s ]
[ info ] [ CACHE ] INIT File
[ info ] [ BEHAVIOR ] Run \addons\cms\Cms @app_init [ RunTime:0.004420s ]
[ info ] [ BEHAVIOR ] Run \addons\epay\Epay @app_init [ RunTime:0.000033s ]
[ info ] [ BEHAVIOR ] Run Closure @app_init [ RunTime:0.000058s ]
[ info ] [ LANG ] /www/wwwroot/fywjd.jxsxkeji.com/thinkphp/lang/zh-cn.php
[ info ] [ ROUTE ] array (
  'type' => 'module',
  'module' => 
  array (
    0 => 'api',
    1 => 'common',
    2 => 'getTemplateList',
  ),
)
[ info ] [ HEADER ] array (
  'referer' => 'https://servicewechat.com/wx1163fe026e41396c/12/page-frame.html',
  'accept-encoding' => 'gzip,compress,br,deflate',
  'content-type' => 'application/x-www-form-urlencoded;charset=UTF-8',
  'user-agent' => 'Mozilla/5.0 (Linux; Android 10; PCHM10 Build/QKQ1.200209.002; wv) AppleWebKit/537.36 (KHTML, like Gecko) Version/4.0 Chrome/86.0.4240.99 XWEB/3117 MMWEBSDK/20210601 Mobile Safari/537.36 MMWEBID/2145 MicroMessenger/8.0.11.1980(0x28000B37) Process/appbrand2 WeChat/arm64 Weixin NetType/4G Language/zh_CN ABI/arm64 MiniProgramEnv/android',
  'charset' => 'utf-8',
  'content-length' => '7',
  'connection' => 'keep-alive',
  'host' => 'fywjd.jxsxkeji.com',
)
[ info ] [ PARAM ] array (
  'index' => '3',
)
[ info ] [ LANG ] /www/wwwroot/fywjd.jxsxkeji.com/public/../application/api/lang/zh-cn.php
[ info ] [ BEHAVIOR ] Run app\common\behavior\Common @module_init [ RunTime:0.003295s ]
[ info ] [ LANG ] /www/wwwroot/fywjd.jxsxkeji.com/public/../application/api/lang/zh-cn/common.php
[ info ] [ BEHAVIOR ] Run \addons\geetest\Geetest @action_begin [ RunTime:0.000047s ]
[ info ] [ RUN ] app\api\controller\Common->getTemplateList[ /www/wwwroot/fywjd.jxsxkeji.com/application/api/controller/Common.php ]
[ info ] [ BEHAVIOR ] Run \addons\cms\Cms @response_send [ RunTime:0.000055s ]
[ info ] [ LOG ] INIT File
---------------------------------------------------------------
[ 2021-09-04T12:10:06+08:00 ] 223.104.170.33 GET fywjd.jxsxkeji.com/api/Coupon/coupon_list?token=
[运行时间：0.141332s] [吞吐率：7.08req/s] [内存消耗：3,755.93kb] [文件加载：85]
[ info ] [ BEHAVIOR ] Run Closure @app_init [ RunTime:0.000017s ]
[ info ] [ CACHE ] INIT File
[ info ] [ BEHAVIOR ] Run \addons\cms\Cms @app_init [ RunTime:0.004420s ]
[ info ] [ BEHAVIOR ] Run \addons\epay\Epay @app_init [ RunTime:0.000034s ]
[ info ] [ BEHAVIOR ] Run Closure @app_init [ RunTime:0.000059s ]
[ info ] [ LANG ] /www/wwwroot/fywjd.jxsxkeji.com/thinkphp/lang/zh-cn.php
[ info ] [ ROUTE ] array (
  'type' => 'module',
  'module' => 
  array (
    0 => 'api',
    1 => 'Coupon',
    2 => 'coupon_list',
  ),
)
[ info ] [ HEADER ] array (
  'referer' => 'https://servicewechat.com/wx1163fe026e41396c/12/page-frame.html',
  'accept-encoding' => 'gzip,compress,br,deflate',
  'content-type' => 'application/json',
  'user-agent' => 'Mozilla/5.0 (Linux; Android 10; PCHM10 Build/QKQ1.200209.002; wv) AppleWebKit/537.36 (KHTML, like Gecko) Version/4.0 Chrome/86.0.4240.99 XWEB/3117 MMWEBSDK/20210601 Mobile Safari/537.36 MMWEBID/2145 MicroMessenger/8.0.11.1980(0x28000B37) Process/appbrand2 WeChat/arm64 Weixin NetType/4G Language/zh_CN ABI/arm64 MiniProgramEnv/android',
  'charset' => 'utf-8',
  'connection' => 'keep-alive',
  'host' => 'fywjd.jxsxkeji.com',
  'content-length' => '',
)
[ info ] [ PARAM ] array (
  'token' => '',
)
[ info ] [ LANG ] /www/wwwroot/fywjd.jxsxkeji.com/public/../application/api/lang/zh-cn.php
[ info ] [ BEHAVIOR ] Run app\common\behavior\Common @module_init [ RunTime:0.003295s ]
[ info ] [ TOKEN ] INIT Mysql
[ info ] [ DB ] INIT mysql
[ info ] [ BEHAVIOR ] Run \addons\cms\Cms @response_send [ RunTime:0.000041s ]
[ info ] [ LOG ] INIT File
[ sql ] [ DB ] CONNECT:[ UseTime:0.000351s ] mysql:host=127.0.0.1;dbname=fywjd_jxsxkeji_c;charset=utf8
[ sql ] [ SQL ] SHOW COLUMNS FROM `jrkj_user_token` [ RunTime:0.001898s ]
[ sql ] [ SQL ] SELECT * FROM `jrkj_user_token` WHERE  `token` = 'd8aa945b8448d8a41ab99c04b04f9e522294b47c' LIMIT 1 [ RunTime:0.000157s ]
---------------------------------------------------------------
[ 2021-09-04T12:10:06+08:00 ] 223.104.170.33 GET fywjd.jxsxkeji.com/api/index/index?token=&page=1&pagesize=10
[运行时间：0.170195s] [吞吐率：5.88req/s] [内存消耗：4,581.71kb] [文件加载：104]
[ info ] [ BEHAVIOR ] Run Closure @app_init [ RunTime:0.000017s ]
[ info ] [ CACHE ] INIT File
[ info ] [ BEHAVIOR ] Run \addons\cms\Cms @app_init [ RunTime:0.004395s ]
[ info ] [ BEHAVIOR ] Run \addons\epay\Epay @app_init [ RunTime:0.000029s ]
[ info ] [ BEHAVIOR ] Run Closure @app_init [ RunTime:0.000048s ]
[ info ] [ LANG ] /www/wwwroot/fywjd.jxsxkeji.com/thinkphp/lang/zh-cn.php
[ info ] [ ROUTE ] array (
  'type' => 'module',
  'module' => 
  array (
    0 => 'api',
    1 => 'index',
    2 => 'index',
  ),
)
[ info ] [ HEADER ] array (
  'referer' => 'https://servicewechat.com/wx1163fe026e41396c/12/page-frame.html',
  'accept-encoding' => 'gzip,compress,br,deflate',
  'content-type' => 'application/json',
  'user-agent' => 'Mozilla/5.0 (Linux; Android 10; PCHM10 Build/QKQ1.200209.002; wv) AppleWebKit/537.36 (KHTML, like Gecko) Version/4.0 Chrome/86.0.4240.99 XWEB/3117 MMWEBSDK/20210601 Mobile Safari/537.36 MMWEBID/2145 MicroMessenger/8.0.11.1980(0x28000B37) Process/appbrand2 WeChat/arm64 Weixin NetType/4G Language/zh_CN ABI/arm64 MiniProgramEnv/android',
  'charset' => 'utf-8',
  'connection' => 'keep-alive',
  'host' => 'fywjd.jxsxkeji.com',
  'content-length' => '',
)
[ info ] [ PARAM ] array (
  'token' => '',
  'page' => '1',
  'pagesize' => '10',
)
[ info ] [ LANG ] /www/wwwroot/fywjd.jxsxkeji.com/public/../application/api/lang/zh-cn.php
[ info ] [ BEHAVIOR ] Run app\common\behavior\Common @module_init [ RunTime:0.002906s ]
[ info ] [ DB ] INIT mysql
[ info ] [ BEHAVIOR ] Run \addons\geetest\Geetest @action_begin [ RunTime:0.000035s ]
[ info ] [ RUN ] app\api\controller\Index->index[ /www/wwwroot/fywjd.jxsxkeji.com/application/api/controller/Index.php ]
[ info ] [ BEHAVIOR ] Run \addons\cms\Cms @response_send [ RunTime:0.000189s ]
[ info ] [ LOG ] INIT File
[ error ] [2]Declaration of app\api\controller\Index::visit() should be compatible with app\common\controller\Api::visit($uid, $goods_id)[/www/wwwroot/fywjd.jxsxkeji.com/application/api/controller/Index.php:18]
[ error ] [8]Trying to get property 'end_time' of non-object[/www/wwwroot/fywjd.jxsxkeji.com/application/api/controller/Index.php:267]
[ sql ] [ DB ] CONNECT:[ UseTime:0.000195s ] mysql:host=127.0.0.1;dbname=fywjd_jxsxkeji_c;charset=utf8
[ sql ] [ SQL ] SHOW COLUMNS FROM `jrkj_cms_block` [ RunTime:0.001153s ]
[ sql ] [ SQL ] SELECT `id`,`name`,`image`,`cate_id`,`url`,`jump_status` FROM `jrkj_cms_block` WHERE  `status` = 'normal' ORDER BY `weigh` ASC [ RunTime:0.000156s ]
[ sql ] [ SQL ] SHOW COLUMNS FROM `jrkj_cms_archives` [ RunTime:0.001228s ]
[ sql ] [ SQL ] SELECT `id`,`title` FROM `jrkj_cms_archives` WHERE (  `status` = 'normal'  AND `channel_id` = 26 ) AND `jrkj_cms_archives`.`deletetime` IS NULL [ RunTime:0.000125s ]
[ sql ] [ SQL ] SHOW COLUMNS FROM `jrkj_limit_discount` [ RunTime:0.001068s ]
[ sql ] [ SQL ] SELECT * FROM `jrkj_limit_discount` WHERE  `status` = 1  AND `start_time` < 1630728606  AND `end_time` > 1630728606 LIMIT 1 [ RunTime:0.000435s ]
[ sql ] [ SQL ] SHOW COLUMNS FROM `jrkj_litestore_goods` [ RunTime:0.002683s ]
[ sql ] [ SQL ] SELECT `goods_id`,`goods_price`,`goods_name`,`image`,`vip_level`,`poster` FROM `jrkj_litestore_goods` WHERE  `is_recommend` = 1  AND `goods_status` = '10'  AND `is_delete` = '0' [ RunTime:0.000130s ]
[ sql ] [ SQL ] SELECT `goods_id`,`goods_name`,`image`,`goods_price`,`line_price`,`marketing_goods_price`,`is_marketing`,`marketing_id`,`spec_type`,`vip_price`,`is_news` FROM `jrkj_litestore_goods` WHERE  `is_delete` = '0'  AND `is_marketing` = 0  AND `vip_level` = 0  AND `status` = '20'  AND `is_new` <> '2'  AND `is_school` = 10  AND `goods_status` = '10' ORDER BY `goods_sort` DESC LIMIT 0,10 [ RunTime:0.000135s ]
[ sql ] [ SQL ] SHOW COLUMNS FROM `jrkj_litestore_goods_spec` [ RunTime:0.002656s ]
[ sql ] [ SQL ] SELECT `goods_spec_id` FROM `jrkj_litestore_goods_spec` WHERE  `goods_id` = 409 LIMIT 1 [ RunTime:0.000131s ]
[ sql ] [ SQL ] SELECT `goods_spec_id` FROM `jrkj_litestore_goods_spec` WHERE  `goods_id` = 9 LIMIT 1 [ RunTime:0.000112s ]
[ sql ] [ SQL ] SHOW COLUMNS FROM `jrkj_litestore_category` [ RunTime:0.001015s ]
[ sql ] [ SQL ] SELECT `id`,`name`,`image`,`classification_image` FROM `jrkj_litestore_category` WHERE  `recommendation` = '1' ORDER BY `weigh` DESC,`weigh` DESC,`id` DESC LIMIT 10 [ RunTime:0.000146s ]
[ sql ] [ SQL ] SELECT `goods_id`,`goods_name`,`image`,`goods_price`,`is_marketing`,`marketing_id`,`is_news` FROM `jrkj_litestore_goods` WHERE  `category_id` = 50  AND `is_new` <> '2'  AND `goods_status` = '10' ORDER BY `goods_id` DESC LIMIT 6 [ RunTime:0.000194s ]
[ sql ] [ SQL ] SELECT `goods_id`,`goods_name`,`image`,`goods_price`,`is_marketing`,`marketing_id`,`is_news` FROM `jrkj_litestore_goods` WHERE  `category_id` = 1  AND `is_new` <> '2'  AND `goods_status` = '10' ORDER BY `goods_id` DESC LIMIT 6 [ RunTime:0.000157s ]
[ sql ] [ SQL ] SELECT `goods_id`,`goods_name`,`image`,`goods_price`,`is_marketing`,`marketing_id`,`is_news` FROM `jrkj_litestore_goods` WHERE  `category_id` = 12  AND `is_new` <> '2'  AND `goods_status` = '10' ORDER BY `goods_id` DESC LIMIT 6 [ RunTime:0.000151s ]
[ sql ] [ SQL ] SELECT `goods_id`,`goods_name`,`image`,`goods_price`,`is_marketing`,`marketing_id`,`is_news` FROM `jrkj_litestore_goods` WHERE  `category_id` = 9  AND `is_new` <> '2'  AND `goods_status` = '10' ORDER BY `goods_id` DESC LIMIT 6 [ RunTime:0.000153s ]
[ sql ] [ SQL ] SELECT `goods_id`,`goods_name`,`image`,`goods_price`,`is_marketing`,`marketing_id`,`is_news` FROM `jrkj_litestore_goods` WHERE  `category_id` = 4  AND `is_new` <> '2'  AND `goods_status` = '10' ORDER BY `goods_id` DESC LIMIT 6 [ RunTime:0.000148s ]
[ sql ] [ SQL ] SELECT `goods_id`,`goods_name`,`image`,`goods_price`,`is_marketing`,`marketing_id`,`is_news` FROM `jrkj_litestore_goods` WHERE  `category_id` = 6  AND `is_new` <> '2'  AND `goods_status` = '10' ORDER BY `goods_id` DESC LIMIT 6 [ RunTime:0.000150s ]
[ sql ] [ SQL ] SELECT `goods_id`,`goods_name`,`image`,`goods_price`,`is_marketing`,`marketing_id`,`is_news` FROM `jrkj_litestore_goods` WHERE  `category_id` = 3  AND `is_new` <> '2'  AND `goods_status` = '10' ORDER BY `goods_id` DESC LIMIT 6 [ RunTime:0.000156s ]
[ sql ] [ SQL ] SELECT `goods_id`,`goods_name`,`image`,`goods_price`,`is_marketing`,`marketing_id`,`is_news` FROM `jrkj_litestore_goods` WHERE  `category_id` = 10  AND `is_new` <> '2'  AND `goods_status` = '10' ORDER BY `goods_id` DESC LIMIT 6 [ RunTime:0.000146s ]
[ sql ] [ SQL ] SELECT `goods_id`,`goods_name`,`image`,`goods_price`,`is_marketing`,`marketing_id`,`is_news` FROM `jrkj_litestore_goods` WHERE  `category_id` = 8  AND `is_new` <> '2'  AND `goods_status` = '10' ORDER BY `goods_id` DESC LIMIT 6 [ RunTime:0.000143s ]
[ sql ] [ SQL ] SELECT `goods_id`,`goods_name`,`image`,`goods_price`,`is_marketing`,`marketing_id`,`is_news` FROM `jrkj_litestore_goods` WHERE  `category_id` = 5  AND `is_new` <> '2'  AND `goods_status` = '10' ORDER BY `goods_id` DESC LIMIT 6 [ RunTime:0.000147s ]
[ sql ] [ SQL ] SELECT `new_price` FROM `jrkj_litestore_goods_spec` WHERE  `goods_id` = 473 LIMIT 1 [ RunTime:0.000106s ]
[ sql ] [ SQL ] SELECT `nums` FROM `jrkj_litestore_goods_spec` WHERE  `goods_id` = 473 LIMIT 1 [ RunTime:0.000098s ]
[ sql ] [ SQL ] SELECT `new_price` FROM `jrkj_litestore_goods_spec` WHERE  `goods_id` = 480 LIMIT 1 [ RunTime:0.000096s ]
[ sql ] [ SQL ] SELECT `nums` FROM `jrkj_litestore_goods_spec` WHERE  `goods_id` = 480 LIMIT 1 [ RunTime:0.000095s ]
[ sql ] [ SQL ] SELECT `new_price` FROM `jrkj_litestore_goods_spec` WHERE  `goods_id` = 479 LIMIT 1 [ RunTime:0.000131s ]
[ sql ] [ SQL ] SELECT `nums` FROM `jrkj_litestore_goods_spec` WHERE  `goods_id` = 479 LIMIT 1 [ RunTime:0.000079s ]
[ sql ] [ SQL ] SELECT `new_price` FROM `jrkj_litestore_goods_spec` WHERE  `goods_id` = 478 LIMIT 1 [ RunTime:0.000070s ]
[ sql ] [ SQL ] SELECT `nums` FROM `jrkj_litestore_goods_spec` WHERE  `goods_id` = 478 LIMIT 1 [ RunTime:0.000068s ]
[ sql ] [ SQL ] SELECT `new_price` FROM `jrkj_litestore_goods_spec` WHERE  `goods_id` = 440 LIMIT 1 [ RunTime:0.000067s ]
[ sql ] [ SQL ] SELECT `nums` FROM `jrkj_litestore_goods_spec` WHERE  `goods_id` = 440 LIMIT 1 [ RunTime:0.000066s ]
[ sql ] [ SQL ] SELECT `new_price` FROM `jrkj_litestore_goods_spec` WHERE  `goods_id` = 407 LIMIT 1 [ RunTime:0.000068s ]
[ sql ] [ SQL ] SELECT `nums` FROM `jrkj_litestore_goods_spec` WHERE  `goods_id` = 407 LIMIT 1 [ RunTime:0.000065s ]
[ sql ] [ SQL ] SELECT `new_price` FROM `jrkj_litestore_goods_spec` WHERE  `goods_id` = 406 LIMIT 1 [ RunTime:0.000080s ]
[ sql ] [ SQL ] SELECT `nums` FROM `jrkj_litestore_goods_spec` WHERE  `goods_id` = 406 LIMIT 1 [ RunTime:0.000066s ]
[ sql ] [ SQL ] SELECT `goods_id`,`goods_name`,`image`,`goods_price`,`line_price`,`marketing_goods_price`,`is_marketing`,`marketing_id`,`spec_type`,`vip_price`,`is_news` FROM `jrkj_litestore_goods` WHERE  `is_new` = '2' [ RunTime:0.000098s ]
[ sql ] [ SQL ] SHOW COLUMNS FROM `jrkj_litestore_coupon` [ RunTime:0.000944s ]
[ sql ] [ SQL ] SELECT * FROM `jrkj_litestore_coupon` WHERE  `is_index` = 1 LIMIT 1 [ RunTime:0.000174s ]
[ sql ] [ SQL ] SHOW COLUMNS FROM `jrkj_litestore_coupon_data` [ RunTime:0.000950s ]
[ sql ] [ SQL ] SELECT COUNT(*) AS tp_count FROM `jrkj_litestore_coupon_data` WHERE  `user_id` = null  AND `litestore_coupon_id` = 41 LIMIT 1 [ RunTime:0.000126s ]
