---------------------------------------------------------------
[ 2021-09-05T00:40:34+08:00 ] 47.101.200.54 GET fywjd.jxsxkeji.com/
[运行时间：0.063319s] [吞吐率：15.79req/s] [内存消耗：3,230.55kb] [文件加载：82]
[ info ] [ BEHAVIOR ] Run Closure @app_init [ RunTime:0.000016s ]
[ info ] [ CACHE ] INIT File
[ info ] [ BEHAVIOR ] Run \addons\cms\Cms @app_init [ RunTime:0.003317s ]
[ info ] [ BEHAVIOR ] Run \addons\epay\Epay @app_init [ RunTime:0.000027s ]
[ info ] [ BEHAVIOR ] Run Closure @app_init [ RunTime:0.000043s ]
[ info ] [ LANG ] /www/wwwroot/fywjd.jxsxkeji.com/thinkphp/lang/zh-cn.php
[ info ] [ ROUTE ] array (
  'type' => 'module',
  'module' => 
  array (
    0 => '',
    1 => NULL,
    2 => NULL,
  ),
)
[ info ] [ HEADER ] array (
  'accept-encoding' => 'gzip',
  'connection' => 'Keep-Alive',
  'host' => 'fywjd.jxsxkeji.com',
  'user-agent' => 'Mozilla/5.0 (Windows NT 10.0; Win64; x64) AppleWebKit/537.36 (KHTML, like Gecko) Chrome/90.0.4430.93 Safari/537.36',
  'content-type' => '',
  'content-length' => '',
)
[ info ] [ PARAM ] array (
)
[ info ] [ LANG ] /www/wwwroot/fywjd.jxsxkeji.com/public/../application/admin/lang/zh-cn.php
[ info ] [ BEHAVIOR ] Run app\common\behavior\Common @module_init [ RunTime:0.001874s ]
[ info ] [ SESSION ] INIT array (
  'id' => '',
  'var_session_id' => '',
  'prefix' => 'think',
  'type' => '',
  'auto_start' => true,
  'expire' => 86400,
)
[ info ] [ BEHAVIOR ] Run app\admin\behavior\AdminLog @app_end [ RunTime:0.000544s ]
[ info ] [ BEHAVIOR ] Run \addons\cms\Cms @response_send [ RunTime:0.000797s ]
[ info ] [ LOG ] INIT File
---------------------------------------------------------------
[ 2021-09-05T00:40:34+08:00 ] 47.101.200.54 GET fywjd.jxsxkeji.com/admin/index/login
[运行时间：0.031212s] [吞吐率：32.04req/s] [内存消耗：3,560.42kb] [文件加载：90]
[ info ] [ BEHAVIOR ] Run Closure @app_init [ RunTime:0.000013s ]
[ info ] [ CACHE ] INIT File
[ info ] [ BEHAVIOR ] Run \addons\cms\Cms @app_init [ RunTime:0.001400s ]
[ info ] [ BEHAVIOR ] Run \addons\epay\Epay @app_init [ RunTime:0.000025s ]
[ info ] [ BEHAVIOR ] Run Closure @app_init [ RunTime:0.000040s ]
[ info ] [ LANG ] /www/wwwroot/fywjd.jxsxkeji.com/thinkphp/lang/zh-cn.php
[ info ] [ ROUTE ] array (
  'type' => 'module',
  'module' => 
  array (
    0 => 'admin',
    1 => 'index',
    2 => 'login',
  ),
)
[ info ] [ HEADER ] array (
  'accept-encoding' => 'gzip',
  'connection' => 'Keep-Alive',
  'host' => 'fywjd.jxsxkeji.com',
  'user-agent' => 'Mozilla/5.0 (Windows NT 10.0; Win64; x64) AppleWebKit/537.36 (KHTML, like Gecko) Chrome/90.0.4430.93 Safari/537.36',
  'content-type' => '',
  'content-length' => '',
)
[ info ] [ PARAM ] array (
)
[ info ] [ LANG ] /www/wwwroot/fywjd.jxsxkeji.com/public/../application/admin/lang/zh-cn.php
[ info ] [ BEHAVIOR ] Run app\common\behavior\Common @module_init [ RunTime:0.000916s ]
[ info ] [ SESSION ] INIT array (
  'id' => '',
  'var_session_id' => '',
  'prefix' => 'think',
  'type' => '',
  'auto_start' => true,
  'expire' => 86400,
)
[ info ] [ BEHAVIOR ] Run \addons\geetest\Geetest @config_init [ RunTime:0.000446s ]
[ info ] [ BEHAVIOR ] Run \addons\nkeditor\Nkeditor @config_init [ RunTime:0.000351s ]
[ info ] [ LANG ] /www/wwwroot/fywjd.jxsxkeji.com/public/../application/admin/lang/zh-cn/index.php
[ info ] [ BEHAVIOR ] Run \addons\geetest\Geetest @action_begin [ RunTime:0.000025s ]
[ info ] [ RUN ] app\admin\controller\Index->login[ /www/wwwroot/fywjd.jxsxkeji.com/application/admin/controller/Index.php ]
[ info ] [ BEHAVIOR ] Run \addons\loginbg\Loginbg @admin_login_init [ RunTime:0.000358s ]
[ info ] [ VIEW ] /www/wwwroot/fywjd.jxsxkeji.com/public/../application/admin/view/index/login.html [ array (
  0 => 'breadcrumb',
  1 => 'site',
  2 => 'config',
  3 => 'auth',
  4 => 'admin',
  5 => 'logo',
  6 => 'back',
  7 => 'title',
  8 => 'background',
) ]
[ info ] [ BEHAVIOR ] Run app\admin\behavior\AdminLog @app_end [ RunTime:0.000048s ]
[ info ] [ BEHAVIOR ] Run \addons\cms\Cms @response_send [ RunTime:0.000045s ]
[ info ] [ LOG ] INIT File
[ error ] [2]ini_set(): A session is active. You cannot change the session module's ini settings at this time[/www/wwwroot/fywjd.jxsxkeji.com/thinkphp/library/think/Cookie.php:49]
---------------------------------------------------------------
[ 2021-09-05T04:57:00+08:00 ] 47.101.148.46 GET fywjd.jxsxkeji.com/
[运行时间：0.031575s] [吞吐率：31.67req/s] [内存消耗：3,230.34kb] [文件加载：82]
[ info ] [ BEHAVIOR ] Run Closure @app_init [ RunTime:0.000015s ]
[ info ] [ CACHE ] INIT File
[ info ] [ BEHAVIOR ] Run \addons\cms\Cms @app_init [ RunTime:0.001778s ]
[ info ] [ BEHAVIOR ] Run \addons\epay\Epay @app_init [ RunTime:0.000024s ]
[ info ] [ BEHAVIOR ] Run Closure @app_init [ RunTime:0.000041s ]
[ info ] [ LANG ] /www/wwwroot/fywjd.jxsxkeji.com/thinkphp/lang/zh-cn.php
[ info ] [ ROUTE ] array (
  'type' => 'module',
  'module' => 
  array (
    0 => '',
    1 => NULL,
    2 => NULL,
  ),
)
[ info ] [ HEADER ] array (
  'accept-encoding' => 'gzip',
  'connection' => 'Keep-Alive',
  'host' => 'fywjd.jxsxkeji.com',
  'user-agent' => 'Mozilla/5.0 (X11; Ubuntu; Linux x86_64; rv:36.0) Gecko/20100101 Firefox/36.0',
  'content-type' => '',
  'content-length' => '',
)
[ info ] [ PARAM ] array (
)
[ info ] [ LANG ] /www/wwwroot/fywjd.jxsxkeji.com/public/../application/admin/lang/zh-cn.php
[ info ] [ BEHAVIOR ] Run app\common\behavior\Common @module_init [ RunTime:0.001313s ]
[ info ] [ SESSION ] INIT array (
  'id' => '',
  'var_session_id' => '',
  'prefix' => 'think',
  'type' => '',
  'auto_start' => true,
  'expire' => 86400,
)
[ info ] [ BEHAVIOR ] Run app\admin\behavior\AdminLog @app_end [ RunTime:0.000261s ]
[ info ] [ BEHAVIOR ] Run \addons\cms\Cms @response_send [ RunTime:0.000549s ]
[ info ] [ LOG ] INIT File
---------------------------------------------------------------
[ 2021-09-05T04:57:00+08:00 ] 47.101.148.46 GET fywjd.jxsxkeji.com/admin/index/login
[运行时间：0.026717s] [吞吐率：37.43req/s] [内存消耗：3,560.20kb] [文件加载：90]
[ info ] [ BEHAVIOR ] Run Closure @app_init [ RunTime:0.000012s ]
[ info ] [ CACHE ] INIT File
[ info ] [ BEHAVIOR ] Run \addons\cms\Cms @app_init [ RunTime:0.001407s ]
[ info ] [ BEHAVIOR ] Run \addons\epay\Epay @app_init [ RunTime:0.000035s ]
[ info ] [ BEHAVIOR ] Run Closure @app_init [ RunTime:0.000052s ]
[ info ] [ LANG ] /www/wwwroot/fywjd.jxsxkeji.com/thinkphp/lang/zh-cn.php
[ info ] [ ROUTE ] array (
  'type' => 'module',
  'module' => 
  array (
    0 => 'admin',
    1 => 'index',
    2 => 'login',
  ),
)
[ info ] [ HEADER ] array (
  'accept-encoding' => 'gzip',
  'connection' => 'Keep-Alive',
  'host' => 'fywjd.jxsxkeji.com',
  'user-agent' => 'Mozilla/5.0 (X11; Ubuntu; Linux x86_64; rv:36.0) Gecko/20100101 Firefox/36.0',
  'content-type' => '',
  'content-length' => '',
)
[ info ] [ PARAM ] array (
)
[ info ] [ LANG ] /www/wwwroot/fywjd.jxsxkeji.com/public/../application/admin/lang/zh-cn.php
[ info ] [ BEHAVIOR ] Run app\common\behavior\Common @module_init [ RunTime:0.000904s ]
[ info ] [ SESSION ] INIT array (
  'id' => '',
  'var_session_id' => '',
  'prefix' => 'think',
  'type' => '',
  'auto_start' => true,
  'expire' => 86400,
)
[ info ] [ BEHAVIOR ] Run \addons\geetest\Geetest @config_init [ RunTime:0.000498s ]
[ info ] [ BEHAVIOR ] Run \addons\nkeditor\Nkeditor @config_init [ RunTime:0.000375s ]
[ info ] [ LANG ] /www/wwwroot/fywjd.jxsxkeji.com/public/../application/admin/lang/zh-cn/index.php
[ info ] [ BEHAVIOR ] Run \addons\geetest\Geetest @action_begin [ RunTime:0.000022s ]
[ info ] [ RUN ] app\admin\controller\Index->login[ /www/wwwroot/fywjd.jxsxkeji.com/application/admin/controller/Index.php ]
[ info ] [ BEHAVIOR ] Run \addons\loginbg\Loginbg @admin_login_init [ RunTime:0.000396s ]
[ info ] [ VIEW ] /www/wwwroot/fywjd.jxsxkeji.com/public/../application/admin/view/index/login.html [ array (
  0 => 'breadcrumb',
  1 => 'site',
  2 => 'config',
  3 => 'auth',
  4 => 'admin',
  5 => 'logo',
  6 => 'back',
  7 => 'title',
  8 => 'background',
) ]
[ info ] [ BEHAVIOR ] Run app\admin\behavior\AdminLog @app_end [ RunTime:0.000048s ]
[ info ] [ BEHAVIOR ] Run \addons\cms\Cms @response_send [ RunTime:0.000045s ]
[ info ] [ LOG ] INIT File
[ error ] [2]ini_set(): A session is active. You cannot change the session module's ini settings at this time[/www/wwwroot/fywjd.jxsxkeji.com/thinkphp/library/think/Cookie.php:49]
