
Tracing dependencies for: require-frontend

/home/webroot/yanyu.0791jr.com/public/assets/js/require-frontend.min.js
----------------
/home/webroot/yanyu.0791jr.com/public/assets/libs/jquery/dist/jquery.min.js
/home/webroot/yanyu.0791jr.com/public/assets/libs/bootstrap/dist/js/bootstrap.min.js
/home/webroot/yanyu.0791jr.com/public/assets/js/require-frontend.js
/home/webroot/yanyu.0791jr.com/public/assets/js/../libs/require-css/css.min.js
/home/webroot/yanyu.0791jr.com/public/assets/libs/fastadmin-layer/dist/layer.js
/home/webroot/yanyu.0791jr.com/public/assets/libs/toastr/toastr.js
/home/webroot/yanyu.0791jr.com/public/assets/js/fast.js
/home/webroot/yanyu.0791jr.com/public/assets/libs/art-template/dist/template-native.js
/home/webroot/yanyu.0791jr.com/public/assets/js/../libs/moment/moment.js
/home/webroot/yanyu.0791jr.com/public/assets/js/frontend.js
/home/webroot/yanyu.0791jr.com/public/assets/js/frontend-init.js


/home/webroot/yanyu.0791jr.com/public/assets/css/frontend.min.css
----------------
/home/webroot/yanyu.0791jr.com/public/assets/css/../css/bootstrap.css
/home/webroot/yanyu.0791jr.com/public/assets/css/../css/fastadmin.css
/home/webroot/yanyu.0791jr.com/public/assets/css/../css/iconfont.css
/home/webroot/yanyu.0791jr.com/public/assets/css/../libs/font-awesome/css/font-awesome.min.css
/home/webroot/yanyu.0791jr.com/public/assets/css/../libs/toastr/toastr.min.css
/home/webroot/yanyu.0791jr.com/public/assets/css/../libs/fastadmin-layer/dist/theme/default/layer.css
/home/webroot/yanyu.0791jr.com/public/assets/css/../libs/bootstrap-daterangepicker/daterangepicker.css
/home/webroot/yanyu.0791jr.com/public/assets/css/../libs/nice-validator/dist/jquery.validator.css
/home/webroot/yanyu.0791jr.com/public/assets/css/frontend.css


Tracing dependencies for: require-backend

/home/webroot/yanyu.0791jr.com/public/assets/js/require-backend.min.js
----------------
/home/webroot/yanyu.0791jr.com/public/assets/libs/jquery/dist/jquery.min.js
/home/webroot/yanyu.0791jr.com/public/assets/libs/bootstrap/dist/js/bootstrap.min.js
/home/webroot/yanyu.0791jr.com/public/assets/js/require-backend.js
/home/webroot/yanyu.0791jr.com/public/assets/js/../libs/require-css/css.min.js
/home/webroot/yanyu.0791jr.com/public/assets/libs/fastadmin-layer/dist/layer.js
/home/webroot/yanyu.0791jr.com/public/assets/libs/toastr/toastr.js
/home/webroot/yanyu.0791jr.com/public/assets/js/fast.js
/home/webroot/yanyu.0791jr.com/public/assets/libs/art-template/dist/template-native.js
/home/webroot/yanyu.0791jr.com/public/assets/js/../libs/moment/moment.js
/home/webroot/yanyu.0791jr.com/public/assets/js/backend.js
/home/webroot/yanyu.0791jr.com/public/assets/js/backend-init.js
/home/webroot/yanyu.0791jr.com/public/assets/js/../libs/moment/locale/zh-cn.js
/home/webroot/yanyu.0791jr.com/public/assets/libs/bootstrap-table/dist/bootstrap-table.min.js
/home/webroot/yanyu.0791jr.com/public/assets/libs/bootstrap-table/dist/locale/bootstrap-table-zh-CN.js
/home/webroot/yanyu.0791jr.com/public/assets/libs/tableExport.jquery.plugin/tableExport.min.js
/home/webroot/yanyu.0791jr.com/public/assets/libs/bootstrap-table/dist/extensions/export/bootstrap-table-export.min.js
/home/webroot/yanyu.0791jr.com/public/assets/js/../libs/plupload/js/moxie.min.js
/home/webroot/yanyu.0791jr.com/public/assets/libs/plupload/js/plupload.min.js
/home/webroot/yanyu.0791jr.com/public/assets/js/require-upload.js
/home/webroot/yanyu.0791jr.com/public/assets/libs/nice-validator/dist/jquery.validator.js
/home/webroot/yanyu.0791jr.com/public/assets/libs/nice-validator/dist/local/zh-CN.js
/home/webroot/yanyu.0791jr.com/public/assets/js/require-validator.js
/home/webroot/yanyu.0791jr.com/public/assets/js/require-form.js
/home/webroot/yanyu.0791jr.com/public/assets/js/bootstrap-table-commonsearch.js
/home/webroot/yanyu.0791jr.com/public/assets/js/bootstrap-table-template.js
/home/webroot/yanyu.0791jr.com/public/assets/js/require-table.js
/home/webroot/yanyu.0791jr.com/public/assets/libs/fastadmin-dragsort/jquery.dragsort.js
/home/webroot/yanyu.0791jr.com/public/assets/js/jquery.drag.min.js
/home/webroot/yanyu.0791jr.com/public/assets/js/jquery.drop.min.js
/home/webroot/yanyu.0791jr.com/public/assets/libs/fastadmin-addtabs/jquery.addtabs.js
/home/webroot/yanyu.0791jr.com/public/assets/libs/fastadmin-selectpage/selectpage.js


/home/webroot/yanyu.0791jr.com/public/assets/css/backend.min.css
----------------
/home/webroot/yanyu.0791jr.com/public/assets/css/../css/bootstrap.css
/home/webroot/yanyu.0791jr.com/public/assets/css/../css/fastadmin.css
/home/webroot/yanyu.0791jr.com/public/assets/css/../css/skins/skin-green.css
/home/webroot/yanyu.0791jr.com/public/assets/css/../css/iconfont.css
/home/webroot/yanyu.0791jr.com/public/assets/css/../libs/font-awesome/css/font-awesome.min.css
/home/webroot/yanyu.0791jr.com/public/assets/css/../libs/toastr/toastr.min.css
/home/webroot/yanyu.0791jr.com/public/assets/css/../libs/fastadmin-layer/dist/theme/default/layer.css
/home/webroot/yanyu.0791jr.com/public/assets/css/../libs/bootstrap-table/dist/bootstrap-table.min.css
/home/webroot/yanyu.0791jr.com/public/assets/css/../libs/eonasdan-bootstrap-datetimepicker/build/css/bootstrap-datetimepicker.min.css
/home/webroot/yanyu.0791jr.com/public/assets/css/../libs/bootstrap-daterangepicker/daterangepicker.css
/home/webroot/yanyu.0791jr.com/public/assets/css/../libs/nice-validator/dist/jquery.validator.css
/home/webroot/yanyu.0791jr.com/public/assets/css/../libs/bootstrap-select/dist/css/bootstrap-select.min.css
/home/webroot/yanyu.0791jr.com/public/assets/css/../libs/fastadmin-selectpage/selectpage.css
/home/webroot/yanyu.0791jr.com/public/assets/css/backend.css


Tracing dependencies for: require-frontend

/home/webroot/yanyu.0791jr.com/public/assets/js/require-frontend.min.js
----------------
/home/webroot/yanyu.0791jr.com/public/assets/libs/jquery/dist/jquery.min.js
/home/webroot/yanyu.0791jr.com/public/assets/libs/bootstrap/dist/js/bootstrap.min.js
/home/webroot/yanyu.0791jr.com/public/assets/js/require-frontend.js
/home/webroot/yanyu.0791jr.com/public/assets/js/../libs/require-css/css.min.js
/home/webroot/yanyu.0791jr.com/public/assets/libs/fastadmin-layer/dist/layer.js
/home/webroot/yanyu.0791jr.com/public/assets/libs/toastr/toastr.js
/home/webroot/yanyu.0791jr.com/public/assets/js/fast.js
/home/webroot/yanyu.0791jr.com/public/assets/libs/art-template/dist/template-native.js
/home/webroot/yanyu.0791jr.com/public/assets/js/../libs/moment/moment.js
/home/webroot/yanyu.0791jr.com/public/assets/js/frontend.js
/home/webroot/yanyu.0791jr.com/public/assets/js/frontend-init.js


/home/webroot/yanyu.0791jr.com/public/assets/css/frontend.min.css
----------------
/home/webroot/yanyu.0791jr.com/public/assets/css/../css/bootstrap.css
/home/webroot/yanyu.0791jr.com/public/assets/css/../css/fastadmin.css
/home/webroot/yanyu.0791jr.com/public/assets/css/../css/iconfont.css
/home/webroot/yanyu.0791jr.com/public/assets/css/../libs/font-awesome/css/font-awesome.min.css
/home/webroot/yanyu.0791jr.com/public/assets/css/../libs/toastr/toastr.min.css
/home/webroot/yanyu.0791jr.com/public/assets/css/../libs/fastadmin-layer/dist/theme/default/layer.css
/home/webroot/yanyu.0791jr.com/public/assets/css/../libs/bootstrap-daterangepicker/daterangepicker.css
/home/webroot/yanyu.0791jr.com/public/assets/css/../libs/nice-validator/dist/jquery.validator.css
/home/webroot/yanyu.0791jr.com/public/assets/css/frontend.css


Tracing dependencies for: require-backend

/home/webroot/yanyu.0791jr.com/public/assets/js/require-backend.min.js
----------------
/home/webroot/yanyu.0791jr.com/public/assets/libs/jquery/dist/jquery.min.js
/home/webroot/yanyu.0791jr.com/public/assets/libs/bootstrap/dist/js/bootstrap.min.js
/home/webroot/yanyu.0791jr.com/public/assets/js/require-backend.js
/home/webroot/yanyu.0791jr.com/public/assets/js/../libs/require-css/css.min.js
/home/webroot/yanyu.0791jr.com/public/assets/libs/fastadmin-layer/dist/layer.js
/home/webroot/yanyu.0791jr.com/public/assets/libs/toastr/toastr.js
/home/webroot/yanyu.0791jr.com/public/assets/js/fast.js
/home/webroot/yanyu.0791jr.com/public/assets/libs/art-template/dist/template-native.js
/home/webroot/yanyu.0791jr.com/public/assets/js/../libs/moment/moment.js
/home/webroot/yanyu.0791jr.com/public/assets/js/backend.js
/home/webroot/yanyu.0791jr.com/public/assets/js/backend-init.js
/home/webroot/yanyu.0791jr.com/public/assets/js/../libs/moment/locale/zh-cn.js
/home/webroot/yanyu.0791jr.com/public/assets/libs/bootstrap-table/dist/bootstrap-table.min.js
/home/webroot/yanyu.0791jr.com/public/assets/libs/bootstrap-table/dist/locale/bootstrap-table-zh-CN.js
/home/webroot/yanyu.0791jr.com/public/assets/libs/tableExport.jquery.plugin/tableExport.min.js
/home/webroot/yanyu.0791jr.com/public/assets/libs/bootstrap-table/dist/extensions/export/bootstrap-table-export.min.js
/home/webroot/yanyu.0791jr.com/public/assets/js/../libs/plupload/js/moxie.min.js
/home/webroot/yanyu.0791jr.com/public/assets/libs/plupload/js/plupload.min.js
/home/webroot/yanyu.0791jr.com/public/assets/js/require-upload.js
/home/webroot/yanyu.0791jr.com/public/assets/libs/nice-validator/dist/jquery.validator.js
/home/webroot/yanyu.0791jr.com/public/assets/libs/nice-validator/dist/local/zh-CN.js
/home/webroot/yanyu.0791jr.com/public/assets/js/require-validator.js
/home/webroot/yanyu.0791jr.com/public/assets/js/require-form.js
/home/webroot/yanyu.0791jr.com/public/assets/js/bootstrap-table-commonsearch.js
/home/webroot/yanyu.0791jr.com/public/assets/js/bootstrap-table-template.js
/home/webroot/yanyu.0791jr.com/public/assets/js/require-table.js
/home/webroot/yanyu.0791jr.com/public/assets/libs/fastadmin-dragsort/jquery.dragsort.js
/home/webroot/yanyu.0791jr.com/public/assets/js/jquery.drag.min.js
/home/webroot/yanyu.0791jr.com/public/assets/js/jquery.drop.min.js
/home/webroot/yanyu.0791jr.com/public/assets/libs/fastadmin-addtabs/jquery.addtabs.js
/home/webroot/yanyu.0791jr.com/public/assets/libs/fastadmin-selectpage/selectpage.js


/home/webroot/yanyu.0791jr.com/public/assets/css/backend.min.css
----------------
/home/webroot/yanyu.0791jr.com/public/assets/css/../css/bootstrap.css
/home/webroot/yanyu.0791jr.com/public/assets/css/../css/fastadmin.css
/home/webroot/yanyu.0791jr.com/public/assets/css/../css/skins/skin-green.css
/home/webroot/yanyu.0791jr.com/public/assets/css/../css/iconfont.css
/home/webroot/yanyu.0791jr.com/public/assets/css/../libs/font-awesome/css/font-awesome.min.css
/home/webroot/yanyu.0791jr.com/public/assets/css/../libs/toastr/toastr.min.css
/home/webroot/yanyu.0791jr.com/public/assets/css/../libs/fastadmin-layer/dist/theme/default/layer.css
/home/webroot/yanyu.0791jr.com/public/assets/css/../libs/bootstrap-table/dist/bootstrap-table.min.css
/home/webroot/yanyu.0791jr.com/public/assets/css/../libs/eonasdan-bootstrap-datetimepicker/build/css/bootstrap-datetimepicker.min.css
/home/webroot/yanyu.0791jr.com/public/assets/css/../libs/bootstrap-daterangepicker/daterangepicker.css
/home/webroot/yanyu.0791jr.com/public/assets/css/../libs/nice-validator/dist/jquery.validator.css
/home/webroot/yanyu.0791jr.com/public/assets/css/../libs/bootstrap-select/dist/css/bootstrap-select.min.css
/home/webroot/yanyu.0791jr.com/public/assets/css/../libs/fastadmin-selectpage/selectpage.css
/home/webroot/yanyu.0791jr.com/public/assets/css/backend.css


Tracing dependencies for: require-frontend

C:/laragon/www/beiletuan/public/assets/js/require-frontend.min.js
----------------
C:/laragon/www/beiletuan/public/assets/libs/jquery/dist/jquery.min.js
C:/laragon/www/beiletuan/public/assets/libs/bootstrap/dist/js/bootstrap.min.js
C:/laragon/www/beiletuan/public/assets/js/require-frontend.js
C:/laragon/www/beiletuan/public/assets/js/../libs/require-css/css.min.js
C:/laragon/www/beiletuan/public/assets/libs/fastadmin-layer/dist/layer.js
C:/laragon/www/beiletuan/public/assets/libs/toastr/toastr.js
C:/laragon/www/beiletuan/public/assets/js/fast.js
C:/laragon/www/beiletuan/public/assets/libs/art-template/dist/template-native.js
C:/laragon/www/beiletuan/public/assets/js/../libs/moment/moment.js
C:/laragon/www/beiletuan/public/assets/js/frontend.js
C:/laragon/www/beiletuan/public/assets/js/frontend-init.js


C:/laragon/www/beiletuan/public/assets/css/frontend.min.css
----------------
C:/laragon/www/beiletuan/public/assets/css/../css/bootstrap.css
C:/laragon/www/beiletuan/public/assets/css/../css/fastadmin.css
C:/laragon/www/beiletuan/public/assets/css/../css/iconfont.css
C:/laragon/www/beiletuan/public/assets/css/../libs/font-awesome/css/font-awesome.min.css
C:/laragon/www/beiletuan/public/assets/css/../libs/toastr/toastr.min.css
C:/laragon/www/beiletuan/public/assets/css/../libs/fastadmin-layer/dist/theme/default/layer.css
C:/laragon/www/beiletuan/public/assets/css/../libs/bootstrap-daterangepicker/daterangepicker.css
C:/laragon/www/beiletuan/public/assets/css/../libs/nice-validator/dist/jquery.validator.css
C:/laragon/www/beiletuan/public/assets/css/frontend.css


Tracing dependencies for: require-backend

C:/laragon/www/beiletuan/public/assets/js/require-backend.min.js
----------------
C:/laragon/www/beiletuan/public/assets/libs/jquery/dist/jquery.min.js
C:/laragon/www/beiletuan/public/assets/libs/bootstrap/dist/js/bootstrap.min.js
C:/laragon/www/beiletuan/public/assets/js/require-backend.js
C:/laragon/www/beiletuan/public/assets/js/../libs/require-css/css.min.js
C:/laragon/www/beiletuan/public/assets/libs/fastadmin-layer/dist/layer.js
C:/laragon/www/beiletuan/public/assets/libs/toastr/toastr.js
C:/laragon/www/beiletuan/public/assets/js/fast.js
C:/laragon/www/beiletuan/public/assets/libs/art-template/dist/template-native.js
C:/laragon/www/beiletuan/public/assets/js/../libs/moment/moment.js
C:/laragon/www/beiletuan/public/assets/js/backend.js
C:/laragon/www/beiletuan/public/assets/js/backend-init.js
C:/laragon/www/beiletuan/public/assets/js/../libs/moment/locale/zh-cn.js
C:/laragon/www/beiletuan/public/assets/libs/bootstrap-table/dist/bootstrap-table.min.js
C:/laragon/www/beiletuan/public/assets/libs/bootstrap-table/dist/locale/bootstrap-table-zh-CN.js
C:/laragon/www/beiletuan/public/assets/libs/tableExport.jquery.plugin/tableExport.min.js
C:/laragon/www/beiletuan/public/assets/libs/bootstrap-table/dist/extensions/export/bootstrap-table-export.min.js
C:/laragon/www/beiletuan/public/assets/js/../libs/plupload/js/moxie.min.js
C:/laragon/www/beiletuan/public/assets/libs/plupload/js/plupload.min.js
C:/laragon/www/beiletuan/public/assets/js/require-upload.js
C:/laragon/www/beiletuan/public/assets/libs/nice-validator/dist/jquery.validator.js
C:/laragon/www/beiletuan/public/assets/libs/nice-validator/dist/local/zh-CN.js
C:/laragon/www/beiletuan/public/assets/js/require-validator.js
C:/laragon/www/beiletuan/public/assets/js/require-form.js
C:/laragon/www/beiletuan/public/assets/js/bootstrap-table-commonsearch.js
C:/laragon/www/beiletuan/public/assets/js/bootstrap-table-template.js
C:/laragon/www/beiletuan/public/assets/js/require-table.js
C:/laragon/www/beiletuan/public/assets/libs/fastadmin-dragsort/jquery.dragsort.js
C:/laragon/www/beiletuan/public/assets/js/jquery.drag.min.js
C:/laragon/www/beiletuan/public/assets/js/jquery.drop.min.js
C:/laragon/www/beiletuan/public/assets/libs/fastadmin-addtabs/jquery.addtabs.js
C:/laragon/www/beiletuan/public/assets/libs/fastadmin-selectpage/selectpage.js


C:/laragon/www/beiletuan/public/assets/css/backend.min.css
----------------
C:/laragon/www/beiletuan/public/assets/css/../css/bootstrap.css
C:/laragon/www/beiletuan/public/assets/css/../css/fastadmin.css
C:/laragon/www/beiletuan/public/assets/css/../css/skins/skin-blue-light.css
C:/laragon/www/beiletuan/public/assets/css/../css/iconfont.css
C:/laragon/www/beiletuan/public/assets/css/../libs/font-awesome/css/font-awesome.min.css
C:/laragon/www/beiletuan/public/assets/css/../libs/toastr/toastr.min.css
C:/laragon/www/beiletuan/public/assets/css/../libs/fastadmin-layer/dist/theme/default/layer.css
C:/laragon/www/beiletuan/public/assets/css/../libs/bootstrap-table/dist/bootstrap-table.min.css
C:/laragon/www/beiletuan/public/assets/css/../libs/eonasdan-bootstrap-datetimepicker/build/css/bootstrap-datetimepicker.min.css
C:/laragon/www/beiletuan/public/assets/css/../libs/bootstrap-daterangepicker/daterangepicker.css
C:/laragon/www/beiletuan/public/assets/css/../libs/nice-validator/dist/jquery.validator.css
C:/laragon/www/beiletuan/public/assets/css/../libs/bootstrap-select/dist/css/bootstrap-select.min.css
C:/laragon/www/beiletuan/public/assets/css/../libs/fastadmin-selectpage/selectpage.css
C:/laragon/www/beiletuan/public/assets/css/backend.css


Tracing dependencies for: require-frontend

/home/webroot/ggzp.0791jr.com/public/assets/js/require-frontend.min.js
----------------
/home/webroot/ggzp.0791jr.com/public/assets/libs/jquery/dist/jquery.min.js
/home/webroot/ggzp.0791jr.com/public/assets/libs/bootstrap/dist/js/bootstrap.min.js
/home/webroot/ggzp.0791jr.com/public/assets/js/require-frontend.js
/home/webroot/ggzp.0791jr.com/public/assets/js/../libs/require-css/css.min.js
/home/webroot/ggzp.0791jr.com/public/assets/libs/fastadmin-layer/dist/layer.js
/home/webroot/ggzp.0791jr.com/public/assets/libs/toastr/toastr.js
/home/webroot/ggzp.0791jr.com/public/assets/js/fast.js
/home/webroot/ggzp.0791jr.com/public/assets/libs/art-template/dist/template-native.js
/home/webroot/ggzp.0791jr.com/public/assets/js/../libs/moment/moment.js
/home/webroot/ggzp.0791jr.com/public/assets/js/frontend.js
/home/webroot/ggzp.0791jr.com/public/assets/js/frontend-init.js


/home/webroot/ggzp.0791jr.com/public/assets/css/frontend.min.css
----------------
/home/webroot/ggzp.0791jr.com/public/assets/css/../css/bootstrap.css
/home/webroot/ggzp.0791jr.com/public/assets/css/../css/fastadmin.css
/home/webroot/ggzp.0791jr.com/public/assets/css/../css/iconfont.css
/home/webroot/ggzp.0791jr.com/public/assets/css/../libs/font-awesome/css/font-awesome.min.css
/home/webroot/ggzp.0791jr.com/public/assets/css/../libs/toastr/toastr.min.css
/home/webroot/ggzp.0791jr.com/public/assets/css/../libs/fastadmin-layer/dist/theme/default/layer.css
/home/webroot/ggzp.0791jr.com/public/assets/css/../libs/bootstrap-daterangepicker/daterangepicker.css
/home/webroot/ggzp.0791jr.com/public/assets/css/../libs/nice-validator/dist/jquery.validator.css
/home/webroot/ggzp.0791jr.com/public/assets/css/frontend.css


Tracing dependencies for: require-backend

/home/webroot/ggzp.0791jr.com/public/assets/js/require-backend.min.js
----------------
/home/webroot/ggzp.0791jr.com/public/assets/libs/jquery/dist/jquery.min.js
/home/webroot/ggzp.0791jr.com/public/assets/libs/bootstrap/dist/js/bootstrap.min.js
/home/webroot/ggzp.0791jr.com/public/assets/js/require-backend.js
/home/webroot/ggzp.0791jr.com/public/assets/js/../libs/require-css/css.min.js
/home/webroot/ggzp.0791jr.com/public/assets/libs/fastadmin-layer/dist/layer.js
/home/webroot/ggzp.0791jr.com/public/assets/libs/toastr/toastr.js
/home/webroot/ggzp.0791jr.com/public/assets/js/fast.js
/home/webroot/ggzp.0791jr.com/public/assets/libs/art-template/dist/template-native.js
/home/webroot/ggzp.0791jr.com/public/assets/js/../libs/moment/moment.js
/home/webroot/ggzp.0791jr.com/public/assets/js/backend.js
/home/webroot/ggzp.0791jr.com/public/assets/js/backend-init.js
/home/webroot/ggzp.0791jr.com/public/assets/js/../libs/moment/locale/zh-cn.js
/home/webroot/ggzp.0791jr.com/public/assets/libs/bootstrap-table/dist/bootstrap-table.min.js
/home/webroot/ggzp.0791jr.com/public/assets/libs/bootstrap-table/dist/locale/bootstrap-table-zh-CN.js
/home/webroot/ggzp.0791jr.com/public/assets/libs/tableExport.jquery.plugin/tableExport.min.js
/home/webroot/ggzp.0791jr.com/public/assets/libs/bootstrap-table/dist/extensions/export/bootstrap-table-export.min.js
/home/webroot/ggzp.0791jr.com/public/assets/js/../libs/plupload/js/moxie.min.js
/home/webroot/ggzp.0791jr.com/public/assets/libs/plupload/js/plupload.min.js
/home/webroot/ggzp.0791jr.com/public/assets/js/require-upload.js
/home/webroot/ggzp.0791jr.com/public/assets/libs/nice-validator/dist/jquery.validator.js
/home/webroot/ggzp.0791jr.com/public/assets/libs/nice-validator/dist/local/zh-CN.js
/home/webroot/ggzp.0791jr.com/public/assets/js/require-validator.js
/home/webroot/ggzp.0791jr.com/public/assets/js/require-form.js
/home/webroot/ggzp.0791jr.com/public/assets/js/bootstrap-table-commonsearch.js
/home/webroot/ggzp.0791jr.com/public/assets/js/bootstrap-table-template.js
/home/webroot/ggzp.0791jr.com/public/assets/js/require-table.js
/home/webroot/ggzp.0791jr.com/public/assets/libs/fastadmin-dragsort/jquery.dragsort.js
/home/webroot/ggzp.0791jr.com/public/assets/js/jquery.drag.min.js
/home/webroot/ggzp.0791jr.com/public/assets/js/jquery.drop.min.js
/home/webroot/ggzp.0791jr.com/public/assets/libs/fastadmin-addtabs/jquery.addtabs.js
/home/webroot/ggzp.0791jr.com/public/assets/libs/fastadmin-selectpage/selectpage.js


/home/webroot/ggzp.0791jr.com/public/assets/css/backend.min.css
----------------
/home/webroot/ggzp.0791jr.com/public/assets/css/../css/bootstrap.css
/home/webroot/ggzp.0791jr.com/public/assets/css/../css/fastadmin.css
/home/webroot/ggzp.0791jr.com/public/assets/css/../css/skins/skin-blue-light.css
/home/webroot/ggzp.0791jr.com/public/assets/css/../css/iconfont.css
/home/webroot/ggzp.0791jr.com/public/assets/css/../libs/font-awesome/css/font-awesome.min.css
/home/webroot/ggzp.0791jr.com/public/assets/css/../libs/toastr/toastr.min.css
/home/webroot/ggzp.0791jr.com/public/assets/css/../libs/fastadmin-layer/dist/theme/default/layer.css
/home/webroot/ggzp.0791jr.com/public/assets/css/../libs/bootstrap-table/dist/bootstrap-table.min.css
/home/webroot/ggzp.0791jr.com/public/assets/css/../libs/eonasdan-bootstrap-datetimepicker/build/css/bootstrap-datetimepicker.min.css
/home/webroot/ggzp.0791jr.com/public/assets/css/../libs/bootstrap-daterangepicker/daterangepicker.css
/home/webroot/ggzp.0791jr.com/public/assets/css/../libs/nice-validator/dist/jquery.validator.css
/home/webroot/ggzp.0791jr.com/public/assets/css/../libs/bootstrap-select/dist/css/bootstrap-select.min.css
/home/webroot/ggzp.0791jr.com/public/assets/css/../libs/fastadmin-selectpage/selectpage.css
/home/webroot/ggzp.0791jr.com/public/assets/css/backend.css


Tracing dependencies for: require-frontend

/home/webroot/ggzp.0791jr.com/public/assets/js/require-frontend.min.js
----------------
/home/webroot/ggzp.0791jr.com/public/assets/libs/jquery/dist/jquery.min.js
/home/webroot/ggzp.0791jr.com/public/assets/libs/bootstrap/dist/js/bootstrap.min.js
/home/webroot/ggzp.0791jr.com/public/assets/js/require-frontend.js
/home/webroot/ggzp.0791jr.com/public/assets/js/../libs/require-css/css.min.js
/home/webroot/ggzp.0791jr.com/public/assets/libs/fastadmin-layer/dist/layer.js
/home/webroot/ggzp.0791jr.com/public/assets/libs/toastr/toastr.js
/home/webroot/ggzp.0791jr.com/public/assets/js/fast.js
/home/webroot/ggzp.0791jr.com/public/assets/libs/art-template/dist/template-native.js
/home/webroot/ggzp.0791jr.com/public/assets/js/../libs/moment/moment.js
/home/webroot/ggzp.0791jr.com/public/assets/js/frontend.js
/home/webroot/ggzp.0791jr.com/public/assets/js/frontend-init.js


/home/webroot/ggzp.0791jr.com/public/assets/css/frontend.min.css
----------------
/home/webroot/ggzp.0791jr.com/public/assets/css/../css/bootstrap.css
/home/webroot/ggzp.0791jr.com/public/assets/css/../css/fastadmin.css
/home/webroot/ggzp.0791jr.com/public/assets/css/../css/iconfont.css
/home/webroot/ggzp.0791jr.com/public/assets/css/../libs/font-awesome/css/font-awesome.min.css
/home/webroot/ggzp.0791jr.com/public/assets/css/../libs/toastr/toastr.min.css
/home/webroot/ggzp.0791jr.com/public/assets/css/../libs/fastadmin-layer/dist/theme/default/layer.css
/home/webroot/ggzp.0791jr.com/public/assets/css/../libs/bootstrap-daterangepicker/daterangepicker.css
/home/webroot/ggzp.0791jr.com/public/assets/css/../libs/nice-validator/dist/jquery.validator.css
/home/webroot/ggzp.0791jr.com/public/assets/css/frontend.css


Tracing dependencies for: require-backend

/home/webroot/ggzp.0791jr.com/public/assets/js/require-backend.min.js
----------------
/home/webroot/ggzp.0791jr.com/public/assets/libs/jquery/dist/jquery.min.js
/home/webroot/ggzp.0791jr.com/public/assets/libs/bootstrap/dist/js/bootstrap.min.js
/home/webroot/ggzp.0791jr.com/public/assets/js/require-backend.js
/home/webroot/ggzp.0791jr.com/public/assets/js/../libs/require-css/css.min.js
/home/webroot/ggzp.0791jr.com/public/assets/libs/fastadmin-layer/dist/layer.js
/home/webroot/ggzp.0791jr.com/public/assets/libs/toastr/toastr.js
/home/webroot/ggzp.0791jr.com/public/assets/js/fast.js
/home/webroot/ggzp.0791jr.com/public/assets/libs/art-template/dist/template-native.js
/home/webroot/ggzp.0791jr.com/public/assets/js/../libs/moment/moment.js
/home/webroot/ggzp.0791jr.com/public/assets/js/backend.js
/home/webroot/ggzp.0791jr.com/public/assets/js/backend-init.js
/home/webroot/ggzp.0791jr.com/public/assets/js/../libs/moment/locale/zh-cn.js
/home/webroot/ggzp.0791jr.com/public/assets/libs/bootstrap-table/dist/bootstrap-table.min.js
/home/webroot/ggzp.0791jr.com/public/assets/libs/bootstrap-table/dist/locale/bootstrap-table-zh-CN.js
/home/webroot/ggzp.0791jr.com/public/assets/libs/tableExport.jquery.plugin/tableExport.min.js
/home/webroot/ggzp.0791jr.com/public/assets/libs/bootstrap-table/dist/extensions/export/bootstrap-table-export.min.js
/home/webroot/ggzp.0791jr.com/public/assets/js/../libs/plupload/js/moxie.min.js
/home/webroot/ggzp.0791jr.com/public/assets/libs/plupload/js/plupload.min.js
/home/webroot/ggzp.0791jr.com/public/assets/js/require-upload.js
/home/webroot/ggzp.0791jr.com/public/assets/libs/nice-validator/dist/jquery.validator.js
/home/webroot/ggzp.0791jr.com/public/assets/libs/nice-validator/dist/local/zh-CN.js
/home/webroot/ggzp.0791jr.com/public/assets/js/require-validator.js
/home/webroot/ggzp.0791jr.com/public/assets/js/require-form.js
/home/webroot/ggzp.0791jr.com/public/assets/js/bootstrap-table-commonsearch.js
/home/webroot/ggzp.0791jr.com/public/assets/js/bootstrap-table-template.js
/home/webroot/ggzp.0791jr.com/public/assets/js/require-table.js
/home/webroot/ggzp.0791jr.com/public/assets/libs/fastadmin-dragsort/jquery.dragsort.js
/home/webroot/ggzp.0791jr.com/public/assets/js/jquery.drag.min.js
/home/webroot/ggzp.0791jr.com/public/assets/js/jquery.drop.min.js
/home/webroot/ggzp.0791jr.com/public/assets/libs/fastadmin-addtabs/jquery.addtabs.js
/home/webroot/ggzp.0791jr.com/public/assets/libs/fastadmin-selectpage/selectpage.js


/home/webroot/ggzp.0791jr.com/public/assets/css/backend.min.css
----------------
/home/webroot/ggzp.0791jr.com/public/assets/css/../css/bootstrap.css
/home/webroot/ggzp.0791jr.com/public/assets/css/../css/fastadmin.css
/home/webroot/ggzp.0791jr.com/public/assets/css/../css/skins/skin-blue-light.css
/home/webroot/ggzp.0791jr.com/public/assets/css/../css/iconfont.css
/home/webroot/ggzp.0791jr.com/public/assets/css/../libs/font-awesome/css/font-awesome.min.css
/home/webroot/ggzp.0791jr.com/public/assets/css/../libs/toastr/toastr.min.css
/home/webroot/ggzp.0791jr.com/public/assets/css/../libs/fastadmin-layer/dist/theme/default/layer.css
/home/webroot/ggzp.0791jr.com/public/assets/css/../libs/bootstrap-table/dist/bootstrap-table.min.css
/home/webroot/ggzp.0791jr.com/public/assets/css/../libs/eonasdan-bootstrap-datetimepicker/build/css/bootstrap-datetimepicker.min.css
/home/webroot/ggzp.0791jr.com/public/assets/css/../libs/bootstrap-daterangepicker/daterangepicker.css
/home/webroot/ggzp.0791jr.com/public/assets/css/../libs/nice-validator/dist/jquery.validator.css
/home/webroot/ggzp.0791jr.com/public/assets/css/../libs/bootstrap-select/dist/css/bootstrap-select.min.css
/home/webroot/ggzp.0791jr.com/public/assets/css/../libs/fastadmin-selectpage/selectpage.css
/home/webroot/ggzp.0791jr.com/public/assets/css/backend.css


Tracing dependencies for: require-frontend

/home/webroot/ggzp.0791jr.com/public/assets/js/require-frontend.min.js
----------------
/home/webroot/ggzp.0791jr.com/public/assets/libs/jquery/dist/jquery.min.js
/home/webroot/ggzp.0791jr.com/public/assets/libs/bootstrap/dist/js/bootstrap.min.js
/home/webroot/ggzp.0791jr.com/public/assets/js/require-frontend.js
/home/webroot/ggzp.0791jr.com/public/assets/js/../libs/require-css/css.min.js
/home/webroot/ggzp.0791jr.com/public/assets/libs/fastadmin-layer/dist/layer.js
/home/webroot/ggzp.0791jr.com/public/assets/libs/toastr/toastr.js
/home/webroot/ggzp.0791jr.com/public/assets/js/fast.js
/home/webroot/ggzp.0791jr.com/public/assets/libs/art-template/dist/template-native.js
/home/webroot/ggzp.0791jr.com/public/assets/js/../libs/moment/moment.js
/home/webroot/ggzp.0791jr.com/public/assets/js/frontend.js
/home/webroot/ggzp.0791jr.com/public/assets/js/frontend-init.js


/home/webroot/ggzp.0791jr.com/public/assets/css/frontend.min.css
----------------
/home/webroot/ggzp.0791jr.com/public/assets/css/../css/bootstrap.css
/home/webroot/ggzp.0791jr.com/public/assets/css/../css/fastadmin.css
/home/webroot/ggzp.0791jr.com/public/assets/css/../css/iconfont.css
/home/webroot/ggzp.0791jr.com/public/assets/css/../libs/font-awesome/css/font-awesome.min.css
/home/webroot/ggzp.0791jr.com/public/assets/css/../libs/toastr/toastr.min.css
/home/webroot/ggzp.0791jr.com/public/assets/css/../libs/fastadmin-layer/dist/theme/default/layer.css
/home/webroot/ggzp.0791jr.com/public/assets/css/../libs/bootstrap-daterangepicker/daterangepicker.css
/home/webroot/ggzp.0791jr.com/public/assets/css/../libs/nice-validator/dist/jquery.validator.css
/home/webroot/ggzp.0791jr.com/public/assets/css/frontend.css


Tracing dependencies for: require-backend

/home/webroot/ggzp.0791jr.com/public/assets/js/require-backend.min.js
----------------
/home/webroot/ggzp.0791jr.com/public/assets/libs/jquery/dist/jquery.min.js
/home/webroot/ggzp.0791jr.com/public/assets/libs/bootstrap/dist/js/bootstrap.min.js
/home/webroot/ggzp.0791jr.com/public/assets/js/require-backend.js
/home/webroot/ggzp.0791jr.com/public/assets/js/../libs/require-css/css.min.js
/home/webroot/ggzp.0791jr.com/public/assets/libs/fastadmin-layer/dist/layer.js
/home/webroot/ggzp.0791jr.com/public/assets/libs/toastr/toastr.js
/home/webroot/ggzp.0791jr.com/public/assets/js/fast.js
/home/webroot/ggzp.0791jr.com/public/assets/libs/art-template/dist/template-native.js
/home/webroot/ggzp.0791jr.com/public/assets/js/../libs/moment/moment.js
/home/webroot/ggzp.0791jr.com/public/assets/js/backend.js
/home/webroot/ggzp.0791jr.com/public/assets/js/backend-init.js
/home/webroot/ggzp.0791jr.com/public/assets/js/../libs/moment/locale/zh-cn.js
/home/webroot/ggzp.0791jr.com/public/assets/libs/bootstrap-table/dist/bootstrap-table.min.js
/home/webroot/ggzp.0791jr.com/public/assets/libs/bootstrap-table/dist/locale/bootstrap-table-zh-CN.js
/home/webroot/ggzp.0791jr.com/public/assets/libs/tableExport.jquery.plugin/tableExport.min.js
/home/webroot/ggzp.0791jr.com/public/assets/libs/bootstrap-table/dist/extensions/export/bootstrap-table-export.min.js
/home/webroot/ggzp.0791jr.com/public/assets/js/../libs/plupload/js/moxie.min.js
/home/webroot/ggzp.0791jr.com/public/assets/libs/plupload/js/plupload.min.js
/home/webroot/ggzp.0791jr.com/public/assets/js/require-upload.js
/home/webroot/ggzp.0791jr.com/public/assets/libs/nice-validator/dist/jquery.validator.js
/home/webroot/ggzp.0791jr.com/public/assets/libs/nice-validator/dist/local/zh-CN.js
/home/webroot/ggzp.0791jr.com/public/assets/js/require-validator.js
/home/webroot/ggzp.0791jr.com/public/assets/js/require-form.js
/home/webroot/ggzp.0791jr.com/public/assets/js/bootstrap-table-commonsearch.js
/home/webroot/ggzp.0791jr.com/public/assets/js/bootstrap-table-template.js
/home/webroot/ggzp.0791jr.com/public/assets/js/require-table.js
/home/webroot/ggzp.0791jr.com/public/assets/libs/fastadmin-dragsort/jquery.dragsort.js
/home/webroot/ggzp.0791jr.com/public/assets/js/jquery.drag.min.js
/home/webroot/ggzp.0791jr.com/public/assets/js/jquery.drop.min.js
/home/webroot/ggzp.0791jr.com/public/assets/libs/fastadmin-addtabs/jquery.addtabs.js
/home/webroot/ggzp.0791jr.com/public/assets/libs/fastadmin-selectpage/selectpage.js


/home/webroot/ggzp.0791jr.com/public/assets/css/backend.min.css
----------------
/home/webroot/ggzp.0791jr.com/public/assets/css/../css/bootstrap.css
/home/webroot/ggzp.0791jr.com/public/assets/css/../css/fastadmin.css
/home/webroot/ggzp.0791jr.com/public/assets/css/../css/skins/skin-blue-light.css
/home/webroot/ggzp.0791jr.com/public/assets/css/../css/iconfont.css
/home/webroot/ggzp.0791jr.com/public/assets/css/../libs/font-awesome/css/font-awesome.min.css
/home/webroot/ggzp.0791jr.com/public/assets/css/../libs/toastr/toastr.min.css
/home/webroot/ggzp.0791jr.com/public/assets/css/../libs/fastadmin-layer/dist/theme/default/layer.css
/home/webroot/ggzp.0791jr.com/public/assets/css/../libs/bootstrap-table/dist/bootstrap-table.min.css
/home/webroot/ggzp.0791jr.com/public/assets/css/../libs/eonasdan-bootstrap-datetimepicker/build/css/bootstrap-datetimepicker.min.css
/home/webroot/ggzp.0791jr.com/public/assets/css/../libs/bootstrap-daterangepicker/daterangepicker.css
/home/webroot/ggzp.0791jr.com/public/assets/css/../libs/nice-validator/dist/jquery.validator.css
/home/webroot/ggzp.0791jr.com/public/assets/css/../libs/bootstrap-select/dist/css/bootstrap-select.min.css
/home/webroot/ggzp.0791jr.com/public/assets/css/../libs/fastadmin-selectpage/selectpage.css
/home/webroot/ggzp.0791jr.com/public/assets/css/backend.css


Tracing dependencies for: require-frontend

/home/webroot/ggzp.0791jr.com/public/assets/js/require-frontend.min.js
----------------
/home/webroot/ggzp.0791jr.com/public/assets/libs/jquery/dist/jquery.min.js
/home/webroot/ggzp.0791jr.com/public/assets/libs/bootstrap/dist/js/bootstrap.min.js
/home/webroot/ggzp.0791jr.com/public/assets/js/require-frontend.js
/home/webroot/ggzp.0791jr.com/public/assets/js/../libs/require-css/css.min.js
/home/webroot/ggzp.0791jr.com/public/assets/libs/fastadmin-layer/dist/layer.js
/home/webroot/ggzp.0791jr.com/public/assets/libs/toastr/toastr.js
/home/webroot/ggzp.0791jr.com/public/assets/js/fast.js
/home/webroot/ggzp.0791jr.com/public/assets/libs/art-template/dist/template-native.js
/home/webroot/ggzp.0791jr.com/public/assets/js/../libs/moment/moment.js
/home/webroot/ggzp.0791jr.com/public/assets/js/frontend.js
/home/webroot/ggzp.0791jr.com/public/assets/js/frontend-init.js


/home/webroot/ggzp.0791jr.com/public/assets/css/frontend.min.css
----------------
/home/webroot/ggzp.0791jr.com/public/assets/css/../css/bootstrap.css
/home/webroot/ggzp.0791jr.com/public/assets/css/../css/fastadmin.css
/home/webroot/ggzp.0791jr.com/public/assets/css/../css/iconfont.css
/home/webroot/ggzp.0791jr.com/public/assets/css/../libs/font-awesome/css/font-awesome.min.css
/home/webroot/ggzp.0791jr.com/public/assets/css/../libs/toastr/toastr.min.css
/home/webroot/ggzp.0791jr.com/public/assets/css/../libs/fastadmin-layer/dist/theme/default/layer.css
/home/webroot/ggzp.0791jr.com/public/assets/css/../libs/bootstrap-daterangepicker/daterangepicker.css
/home/webroot/ggzp.0791jr.com/public/assets/css/../libs/nice-validator/dist/jquery.validator.css
/home/webroot/ggzp.0791jr.com/public/assets/css/frontend.css


Tracing dependencies for: require-backend

/home/webroot/ggzp.0791jr.com/public/assets/js/require-backend.min.js
----------------
/home/webroot/ggzp.0791jr.com/public/assets/libs/jquery/dist/jquery.min.js
/home/webroot/ggzp.0791jr.com/public/assets/libs/bootstrap/dist/js/bootstrap.min.js
/home/webroot/ggzp.0791jr.com/public/assets/js/require-backend.js
/home/webroot/ggzp.0791jr.com/public/assets/js/../libs/require-css/css.min.js
/home/webroot/ggzp.0791jr.com/public/assets/libs/fastadmin-layer/dist/layer.js
/home/webroot/ggzp.0791jr.com/public/assets/libs/toastr/toastr.js
/home/webroot/ggzp.0791jr.com/public/assets/js/fast.js
/home/webroot/ggzp.0791jr.com/public/assets/libs/art-template/dist/template-native.js
/home/webroot/ggzp.0791jr.com/public/assets/js/../libs/moment/moment.js
/home/webroot/ggzp.0791jr.com/public/assets/js/backend.js
/home/webroot/ggzp.0791jr.com/public/assets/js/backend-init.js
/home/webroot/ggzp.0791jr.com/public/assets/js/../libs/moment/locale/zh-cn.js
/home/webroot/ggzp.0791jr.com/public/assets/libs/bootstrap-table/dist/bootstrap-table.min.js
/home/webroot/ggzp.0791jr.com/public/assets/libs/bootstrap-table/dist/locale/bootstrap-table-zh-CN.js
/home/webroot/ggzp.0791jr.com/public/assets/libs/tableExport.jquery.plugin/tableExport.min.js
/home/webroot/ggzp.0791jr.com/public/assets/libs/bootstrap-table/dist/extensions/export/bootstrap-table-export.min.js
/home/webroot/ggzp.0791jr.com/public/assets/js/../libs/plupload/js/moxie.min.js
/home/webroot/ggzp.0791jr.com/public/assets/libs/plupload/js/plupload.min.js
/home/webroot/ggzp.0791jr.com/public/assets/js/require-upload.js
/home/webroot/ggzp.0791jr.com/public/assets/libs/nice-validator/dist/jquery.validator.js
/home/webroot/ggzp.0791jr.com/public/assets/libs/nice-validator/dist/local/zh-CN.js
/home/webroot/ggzp.0791jr.com/public/assets/js/require-validator.js
/home/webroot/ggzp.0791jr.com/public/assets/js/require-form.js
/home/webroot/ggzp.0791jr.com/public/assets/js/bootstrap-table-commonsearch.js
/home/webroot/ggzp.0791jr.com/public/assets/js/bootstrap-table-template.js
/home/webroot/ggzp.0791jr.com/public/assets/js/require-table.js
/home/webroot/ggzp.0791jr.com/public/assets/libs/fastadmin-dragsort/jquery.dragsort.js
/home/webroot/ggzp.0791jr.com/public/assets/js/jquery.drag.min.js
/home/webroot/ggzp.0791jr.com/public/assets/js/jquery.drop.min.js
/home/webroot/ggzp.0791jr.com/public/assets/libs/fastadmin-addtabs/jquery.addtabs.js
/home/webroot/ggzp.0791jr.com/public/assets/libs/fastadmin-selectpage/selectpage.js


/home/webroot/ggzp.0791jr.com/public/assets/css/backend.min.css
----------------
/home/webroot/ggzp.0791jr.com/public/assets/css/../css/bootstrap.css
/home/webroot/ggzp.0791jr.com/public/assets/css/../css/fastadmin.css
/home/webroot/ggzp.0791jr.com/public/assets/css/../css/skins/skin-blue-light.css
/home/webroot/ggzp.0791jr.com/public/assets/css/../css/iconfont.css
/home/webroot/ggzp.0791jr.com/public/assets/css/../libs/font-awesome/css/font-awesome.min.css
/home/webroot/ggzp.0791jr.com/public/assets/css/../libs/toastr/toastr.min.css
/home/webroot/ggzp.0791jr.com/public/assets/css/../libs/fastadmin-layer/dist/theme/default/layer.css
/home/webroot/ggzp.0791jr.com/public/assets/css/../libs/bootstrap-table/dist/bootstrap-table.min.css
/home/webroot/ggzp.0791jr.com/public/assets/css/../libs/eonasdan-bootstrap-datetimepicker/build/css/bootstrap-datetimepicker.min.css
/home/webroot/ggzp.0791jr.com/public/assets/css/../libs/bootstrap-daterangepicker/daterangepicker.css
/home/webroot/ggzp.0791jr.com/public/assets/css/../libs/nice-validator/dist/jquery.validator.css
/home/webroot/ggzp.0791jr.com/public/assets/css/../libs/bootstrap-select/dist/css/bootstrap-select.min.css
/home/webroot/ggzp.0791jr.com/public/assets/css/../libs/fastadmin-selectpage/selectpage.css
/home/webroot/ggzp.0791jr.com/public/assets/css/backend.css


Tracing dependencies for: require-frontend

/home/webroot/ggzp.0791jr.com/public/assets/js/require-frontend.min.js
----------------
/home/webroot/ggzp.0791jr.com/public/assets/libs/jquery/dist/jquery.min.js
/home/webroot/ggzp.0791jr.com/public/assets/libs/bootstrap/dist/js/bootstrap.min.js
/home/webroot/ggzp.0791jr.com/public/assets/js/require-frontend.js
/home/webroot/ggzp.0791jr.com/public/assets/js/../libs/require-css/css.min.js
/home/webroot/ggzp.0791jr.com/public/assets/libs/fastadmin-layer/dist/layer.js
/home/webroot/ggzp.0791jr.com/public/assets/libs/toastr/toastr.js
/home/webroot/ggzp.0791jr.com/public/assets/js/fast.js
/home/webroot/ggzp.0791jr.com/public/assets/libs/art-template/dist/template-native.js
/home/webroot/ggzp.0791jr.com/public/assets/js/../libs/moment/moment.js
/home/webroot/ggzp.0791jr.com/public/assets/js/frontend.js
/home/webroot/ggzp.0791jr.com/public/assets/js/frontend-init.js


/home/webroot/ggzp.0791jr.com/public/assets/css/frontend.min.css
----------------
/home/webroot/ggzp.0791jr.com/public/assets/css/../css/bootstrap.css
/home/webroot/ggzp.0791jr.com/public/assets/css/../css/fastadmin.css
/home/webroot/ggzp.0791jr.com/public/assets/css/../css/iconfont.css
/home/webroot/ggzp.0791jr.com/public/assets/css/../libs/font-awesome/css/font-awesome.min.css
/home/webroot/ggzp.0791jr.com/public/assets/css/../libs/toastr/toastr.min.css
/home/webroot/ggzp.0791jr.com/public/assets/css/../libs/fastadmin-layer/dist/theme/default/layer.css
/home/webroot/ggzp.0791jr.com/public/assets/css/../libs/bootstrap-daterangepicker/daterangepicker.css
/home/webroot/ggzp.0791jr.com/public/assets/css/../libs/nice-validator/dist/jquery.validator.css
/home/webroot/ggzp.0791jr.com/public/assets/css/frontend.css


Tracing dependencies for: require-backend

/home/webroot/ggzp.0791jr.com/public/assets/js/require-backend.min.js
----------------
/home/webroot/ggzp.0791jr.com/public/assets/libs/jquery/dist/jquery.min.js
/home/webroot/ggzp.0791jr.com/public/assets/libs/bootstrap/dist/js/bootstrap.min.js
/home/webroot/ggzp.0791jr.com/public/assets/js/require-backend.js
/home/webroot/ggzp.0791jr.com/public/assets/js/../libs/require-css/css.min.js
/home/webroot/ggzp.0791jr.com/public/assets/libs/fastadmin-layer/dist/layer.js
/home/webroot/ggzp.0791jr.com/public/assets/libs/toastr/toastr.js
/home/webroot/ggzp.0791jr.com/public/assets/js/fast.js
/home/webroot/ggzp.0791jr.com/public/assets/libs/art-template/dist/template-native.js
/home/webroot/ggzp.0791jr.com/public/assets/js/../libs/moment/moment.js
/home/webroot/ggzp.0791jr.com/public/assets/js/backend.js
/home/webroot/ggzp.0791jr.com/public/assets/js/backend-init.js
/home/webroot/ggzp.0791jr.com/public/assets/js/../libs/moment/locale/zh-cn.js
/home/webroot/ggzp.0791jr.com/public/assets/libs/bootstrap-table/dist/bootstrap-table.min.js
/home/webroot/ggzp.0791jr.com/public/assets/libs/bootstrap-table/dist/locale/bootstrap-table-zh-CN.js
/home/webroot/ggzp.0791jr.com/public/assets/libs/tableExport.jquery.plugin/tableExport.min.js
/home/webroot/ggzp.0791jr.com/public/assets/libs/bootstrap-table/dist/extensions/export/bootstrap-table-export.min.js
/home/webroot/ggzp.0791jr.com/public/assets/js/../libs/plupload/js/moxie.min.js
/home/webroot/ggzp.0791jr.com/public/assets/libs/plupload/js/plupload.min.js
/home/webroot/ggzp.0791jr.com/public/assets/js/require-upload.js
/home/webroot/ggzp.0791jr.com/public/assets/libs/nice-validator/dist/jquery.validator.js
/home/webroot/ggzp.0791jr.com/public/assets/libs/nice-validator/dist/local/zh-CN.js
/home/webroot/ggzp.0791jr.com/public/assets/js/require-validator.js
/home/webroot/ggzp.0791jr.com/public/assets/js/require-form.js
/home/webroot/ggzp.0791jr.com/public/assets/js/bootstrap-table-commonsearch.js
/home/webroot/ggzp.0791jr.com/public/assets/js/bootstrap-table-template.js
/home/webroot/ggzp.0791jr.com/public/assets/js/require-table.js
/home/webroot/ggzp.0791jr.com/public/assets/libs/fastadmin-dragsort/jquery.dragsort.js
/home/webroot/ggzp.0791jr.com/public/assets/js/jquery.drag.min.js
/home/webroot/ggzp.0791jr.com/public/assets/js/jquery.drop.min.js
/home/webroot/ggzp.0791jr.com/public/assets/libs/fastadmin-addtabs/jquery.addtabs.js
/home/webroot/ggzp.0791jr.com/public/assets/libs/fastadmin-selectpage/selectpage.js


/home/webroot/ggzp.0791jr.com/public/assets/css/backend.min.css
----------------
/home/webroot/ggzp.0791jr.com/public/assets/css/../css/bootstrap.css
/home/webroot/ggzp.0791jr.com/public/assets/css/../css/fastadmin.css
/home/webroot/ggzp.0791jr.com/public/assets/css/../css/skins/skin-blue-light.css
/home/webroot/ggzp.0791jr.com/public/assets/css/../css/iconfont.css
/home/webroot/ggzp.0791jr.com/public/assets/css/../libs/font-awesome/css/font-awesome.min.css
/home/webroot/ggzp.0791jr.com/public/assets/css/../libs/toastr/toastr.min.css
/home/webroot/ggzp.0791jr.com/public/assets/css/../libs/fastadmin-layer/dist/theme/default/layer.css
/home/webroot/ggzp.0791jr.com/public/assets/css/../libs/bootstrap-table/dist/bootstrap-table.min.css
/home/webroot/ggzp.0791jr.com/public/assets/css/../libs/eonasdan-bootstrap-datetimepicker/build/css/bootstrap-datetimepicker.min.css
/home/webroot/ggzp.0791jr.com/public/assets/css/../libs/bootstrap-daterangepicker/daterangepicker.css
/home/webroot/ggzp.0791jr.com/public/assets/css/../libs/nice-validator/dist/jquery.validator.css
/home/webroot/ggzp.0791jr.com/public/assets/css/../libs/bootstrap-select/dist/css/bootstrap-select.min.css
/home/webroot/ggzp.0791jr.com/public/assets/css/../libs/fastadmin-selectpage/selectpage.css
/home/webroot/ggzp.0791jr.com/public/assets/css/backend.css


Tracing dependencies for: require-frontend

/home/webroot/ggzp.0791jr.com/public/assets/js/require-frontend.min.js
----------------
/home/webroot/ggzp.0791jr.com/public/assets/libs/jquery/dist/jquery.min.js
/home/webroot/ggzp.0791jr.com/public/assets/libs/bootstrap/dist/js/bootstrap.min.js
/home/webroot/ggzp.0791jr.com/public/assets/js/require-frontend.js
/home/webroot/ggzp.0791jr.com/public/assets/js/../libs/require-css/css.min.js
/home/webroot/ggzp.0791jr.com/public/assets/libs/fastadmin-layer/dist/layer.js
/home/webroot/ggzp.0791jr.com/public/assets/libs/toastr/toastr.js
/home/webroot/ggzp.0791jr.com/public/assets/js/fast.js
/home/webroot/ggzp.0791jr.com/public/assets/libs/art-template/dist/template-native.js
/home/webroot/ggzp.0791jr.com/public/assets/js/../libs/moment/moment.js
/home/webroot/ggzp.0791jr.com/public/assets/js/frontend.js
/home/webroot/ggzp.0791jr.com/public/assets/js/frontend-init.js


/home/webroot/ggzp.0791jr.com/public/assets/css/frontend.min.css
----------------
/home/webroot/ggzp.0791jr.com/public/assets/css/../css/bootstrap.css
/home/webroot/ggzp.0791jr.com/public/assets/css/../css/fastadmin.css
/home/webroot/ggzp.0791jr.com/public/assets/css/../css/iconfont.css
/home/webroot/ggzp.0791jr.com/public/assets/css/../libs/font-awesome/css/font-awesome.min.css
/home/webroot/ggzp.0791jr.com/public/assets/css/../libs/toastr/toastr.min.css
/home/webroot/ggzp.0791jr.com/public/assets/css/../libs/fastadmin-layer/dist/theme/default/layer.css
/home/webroot/ggzp.0791jr.com/public/assets/css/../libs/bootstrap-daterangepicker/daterangepicker.css
/home/webroot/ggzp.0791jr.com/public/assets/css/../libs/nice-validator/dist/jquery.validator.css
/home/webroot/ggzp.0791jr.com/public/assets/css/frontend.css


Tracing dependencies for: require-backend

/home/webroot/ggzp.0791jr.com/public/assets/js/require-backend.min.js
----------------
/home/webroot/ggzp.0791jr.com/public/assets/libs/jquery/dist/jquery.min.js
/home/webroot/ggzp.0791jr.com/public/assets/libs/bootstrap/dist/js/bootstrap.min.js
/home/webroot/ggzp.0791jr.com/public/assets/js/require-backend.js
/home/webroot/ggzp.0791jr.com/public/assets/js/../libs/require-css/css.min.js
/home/webroot/ggzp.0791jr.com/public/assets/libs/fastadmin-layer/dist/layer.js
/home/webroot/ggzp.0791jr.com/public/assets/libs/toastr/toastr.js
/home/webroot/ggzp.0791jr.com/public/assets/js/fast.js
/home/webroot/ggzp.0791jr.com/public/assets/libs/art-template/dist/template-native.js
/home/webroot/ggzp.0791jr.com/public/assets/js/../libs/moment/moment.js
/home/webroot/ggzp.0791jr.com/public/assets/js/backend.js
/home/webroot/ggzp.0791jr.com/public/assets/js/backend-init.js
/home/webroot/ggzp.0791jr.com/public/assets/js/../libs/moment/locale/zh-cn.js
/home/webroot/ggzp.0791jr.com/public/assets/libs/bootstrap-table/dist/bootstrap-table.min.js
/home/webroot/ggzp.0791jr.com/public/assets/libs/bootstrap-table/dist/locale/bootstrap-table-zh-CN.js
/home/webroot/ggzp.0791jr.com/public/assets/libs/tableExport.jquery.plugin/tableExport.min.js
/home/webroot/ggzp.0791jr.com/public/assets/libs/bootstrap-table/dist/extensions/export/bootstrap-table-export.min.js
/home/webroot/ggzp.0791jr.com/public/assets/js/../libs/plupload/js/moxie.min.js
/home/webroot/ggzp.0791jr.com/public/assets/libs/plupload/js/plupload.min.js
/home/webroot/ggzp.0791jr.com/public/assets/js/require-upload.js
/home/webroot/ggzp.0791jr.com/public/assets/libs/nice-validator/dist/jquery.validator.js
/home/webroot/ggzp.0791jr.com/public/assets/libs/nice-validator/dist/local/zh-CN.js
/home/webroot/ggzp.0791jr.com/public/assets/js/require-validator.js
/home/webroot/ggzp.0791jr.com/public/assets/js/require-form.js
/home/webroot/ggzp.0791jr.com/public/assets/js/bootstrap-table-commonsearch.js
/home/webroot/ggzp.0791jr.com/public/assets/js/bootstrap-table-template.js
/home/webroot/ggzp.0791jr.com/public/assets/js/require-table.js
/home/webroot/ggzp.0791jr.com/public/assets/libs/fastadmin-dragsort/jquery.dragsort.js
/home/webroot/ggzp.0791jr.com/public/assets/js/jquery.drag.min.js
/home/webroot/ggzp.0791jr.com/public/assets/js/jquery.drop.min.js
/home/webroot/ggzp.0791jr.com/public/assets/libs/fastadmin-addtabs/jquery.addtabs.js
/home/webroot/ggzp.0791jr.com/public/assets/libs/fastadmin-selectpage/selectpage.js


/home/webroot/ggzp.0791jr.com/public/assets/css/backend.min.css
----------------
/home/webroot/ggzp.0791jr.com/public/assets/css/../css/bootstrap.css
/home/webroot/ggzp.0791jr.com/public/assets/css/../css/fastadmin.css
/home/webroot/ggzp.0791jr.com/public/assets/css/../css/skins/skin-blue-light.css
/home/webroot/ggzp.0791jr.com/public/assets/css/../css/iconfont.css
/home/webroot/ggzp.0791jr.com/public/assets/css/../libs/font-awesome/css/font-awesome.min.css
/home/webroot/ggzp.0791jr.com/public/assets/css/../libs/toastr/toastr.min.css
/home/webroot/ggzp.0791jr.com/public/assets/css/../libs/fastadmin-layer/dist/theme/default/layer.css
/home/webroot/ggzp.0791jr.com/public/assets/css/../libs/bootstrap-table/dist/bootstrap-table.min.css
/home/webroot/ggzp.0791jr.com/public/assets/css/../libs/eonasdan-bootstrap-datetimepicker/build/css/bootstrap-datetimepicker.min.css
/home/webroot/ggzp.0791jr.com/public/assets/css/../libs/bootstrap-daterangepicker/daterangepicker.css
/home/webroot/ggzp.0791jr.com/public/assets/css/../libs/nice-validator/dist/jquery.validator.css
/home/webroot/ggzp.0791jr.com/public/assets/css/../libs/bootstrap-select/dist/css/bootstrap-select.min.css
/home/webroot/ggzp.0791jr.com/public/assets/css/../libs/fastadmin-selectpage/selectpage.css
/home/webroot/ggzp.0791jr.com/public/assets/css/backend.css


Tracing dependencies for: require-frontend

/home/webroot/ggzp.0791jr.com/public/assets/js/require-frontend.min.js
----------------
/home/webroot/ggzp.0791jr.com/public/assets/libs/jquery/dist/jquery.min.js
/home/webroot/ggzp.0791jr.com/public/assets/libs/bootstrap/dist/js/bootstrap.min.js
/home/webroot/ggzp.0791jr.com/public/assets/js/require-frontend.js
/home/webroot/ggzp.0791jr.com/public/assets/js/../libs/require-css/css.min.js
/home/webroot/ggzp.0791jr.com/public/assets/libs/fastadmin-layer/dist/layer.js
/home/webroot/ggzp.0791jr.com/public/assets/libs/toastr/toastr.js
/home/webroot/ggzp.0791jr.com/public/assets/js/fast.js
/home/webroot/ggzp.0791jr.com/public/assets/libs/art-template/dist/template-native.js
/home/webroot/ggzp.0791jr.com/public/assets/js/../libs/moment/moment.js
/home/webroot/ggzp.0791jr.com/public/assets/js/frontend.js
/home/webroot/ggzp.0791jr.com/public/assets/js/frontend-init.js


/home/webroot/ggzp.0791jr.com/public/assets/css/frontend.min.css
----------------
/home/webroot/ggzp.0791jr.com/public/assets/css/../css/bootstrap.css
/home/webroot/ggzp.0791jr.com/public/assets/css/../css/fastadmin.css
/home/webroot/ggzp.0791jr.com/public/assets/css/../css/iconfont.css
/home/webroot/ggzp.0791jr.com/public/assets/css/../libs/font-awesome/css/font-awesome.min.css
/home/webroot/ggzp.0791jr.com/public/assets/css/../libs/toastr/toastr.min.css
/home/webroot/ggzp.0791jr.com/public/assets/css/../libs/fastadmin-layer/dist/theme/default/layer.css
/home/webroot/ggzp.0791jr.com/public/assets/css/../libs/bootstrap-daterangepicker/daterangepicker.css
/home/webroot/ggzp.0791jr.com/public/assets/css/../libs/nice-validator/dist/jquery.validator.css
/home/webroot/ggzp.0791jr.com/public/assets/css/frontend.css


Tracing dependencies for: require-backend

/home/webroot/ggzp.0791jr.com/public/assets/js/require-backend.min.js
----------------
/home/webroot/ggzp.0791jr.com/public/assets/libs/jquery/dist/jquery.min.js
/home/webroot/ggzp.0791jr.com/public/assets/libs/bootstrap/dist/js/bootstrap.min.js
/home/webroot/ggzp.0791jr.com/public/assets/js/require-backend.js
/home/webroot/ggzp.0791jr.com/public/assets/js/../libs/require-css/css.min.js
/home/webroot/ggzp.0791jr.com/public/assets/libs/fastadmin-layer/dist/layer.js
/home/webroot/ggzp.0791jr.com/public/assets/libs/toastr/toastr.js
/home/webroot/ggzp.0791jr.com/public/assets/js/fast.js
/home/webroot/ggzp.0791jr.com/public/assets/libs/art-template/dist/template-native.js
/home/webroot/ggzp.0791jr.com/public/assets/js/../libs/moment/moment.js
/home/webroot/ggzp.0791jr.com/public/assets/js/backend.js
/home/webroot/ggzp.0791jr.com/public/assets/js/backend-init.js
/home/webroot/ggzp.0791jr.com/public/assets/js/../libs/moment/locale/zh-cn.js
/home/webroot/ggzp.0791jr.com/public/assets/libs/bootstrap-table/dist/bootstrap-table.min.js
/home/webroot/ggzp.0791jr.com/public/assets/libs/bootstrap-table/dist/locale/bootstrap-table-zh-CN.js
/home/webroot/ggzp.0791jr.com/public/assets/libs/tableExport.jquery.plugin/tableExport.min.js
/home/webroot/ggzp.0791jr.com/public/assets/libs/bootstrap-table/dist/extensions/export/bootstrap-table-export.min.js
/home/webroot/ggzp.0791jr.com/public/assets/js/../libs/plupload/js/moxie.min.js
/home/webroot/ggzp.0791jr.com/public/assets/libs/plupload/js/plupload.min.js
/home/webroot/ggzp.0791jr.com/public/assets/js/require-upload.js
/home/webroot/ggzp.0791jr.com/public/assets/libs/nice-validator/dist/jquery.validator.js
/home/webroot/ggzp.0791jr.com/public/assets/libs/nice-validator/dist/local/zh-CN.js
/home/webroot/ggzp.0791jr.com/public/assets/js/require-validator.js
/home/webroot/ggzp.0791jr.com/public/assets/js/require-form.js
/home/webroot/ggzp.0791jr.com/public/assets/js/bootstrap-table-commonsearch.js
/home/webroot/ggzp.0791jr.com/public/assets/js/bootstrap-table-template.js
/home/webroot/ggzp.0791jr.com/public/assets/js/require-table.js
/home/webroot/ggzp.0791jr.com/public/assets/libs/fastadmin-dragsort/jquery.dragsort.js
/home/webroot/ggzp.0791jr.com/public/assets/js/jquery.drag.min.js
/home/webroot/ggzp.0791jr.com/public/assets/js/jquery.drop.min.js
/home/webroot/ggzp.0791jr.com/public/assets/libs/fastadmin-addtabs/jquery.addtabs.js
/home/webroot/ggzp.0791jr.com/public/assets/libs/fastadmin-selectpage/selectpage.js


/home/webroot/ggzp.0791jr.com/public/assets/css/backend.min.css
----------------
/home/webroot/ggzp.0791jr.com/public/assets/css/../css/bootstrap.css
/home/webroot/ggzp.0791jr.com/public/assets/css/../css/fastadmin.css
/home/webroot/ggzp.0791jr.com/public/assets/css/../css/skins/skin-blue-light.css
/home/webroot/ggzp.0791jr.com/public/assets/css/../css/iconfont.css
/home/webroot/ggzp.0791jr.com/public/assets/css/../libs/font-awesome/css/font-awesome.min.css
/home/webroot/ggzp.0791jr.com/public/assets/css/../libs/toastr/toastr.min.css
/home/webroot/ggzp.0791jr.com/public/assets/css/../libs/fastadmin-layer/dist/theme/default/layer.css
/home/webroot/ggzp.0791jr.com/public/assets/css/../libs/bootstrap-table/dist/bootstrap-table.min.css
/home/webroot/ggzp.0791jr.com/public/assets/css/../libs/eonasdan-bootstrap-datetimepicker/build/css/bootstrap-datetimepicker.min.css
/home/webroot/ggzp.0791jr.com/public/assets/css/../libs/bootstrap-daterangepicker/daterangepicker.css
/home/webroot/ggzp.0791jr.com/public/assets/css/../libs/nice-validator/dist/jquery.validator.css
/home/webroot/ggzp.0791jr.com/public/assets/css/../libs/bootstrap-select/dist/css/bootstrap-select.min.css
/home/webroot/ggzp.0791jr.com/public/assets/css/../libs/fastadmin-selectpage/selectpage.css
/home/webroot/ggzp.0791jr.com/public/assets/css/backend.css


Tracing dependencies for: require-frontend

/home/webroot/ggzp.0791jr.com/public/assets/js/require-frontend.min.js
----------------
/home/webroot/ggzp.0791jr.com/public/assets/libs/jquery/dist/jquery.min.js
/home/webroot/ggzp.0791jr.com/public/assets/libs/bootstrap/dist/js/bootstrap.min.js
/home/webroot/ggzp.0791jr.com/public/assets/js/require-frontend.js
/home/webroot/ggzp.0791jr.com/public/assets/js/../libs/require-css/css.min.js
/home/webroot/ggzp.0791jr.com/public/assets/libs/fastadmin-layer/dist/layer.js
/home/webroot/ggzp.0791jr.com/public/assets/libs/toastr/toastr.js
/home/webroot/ggzp.0791jr.com/public/assets/js/fast.js
/home/webroot/ggzp.0791jr.com/public/assets/libs/art-template/dist/template-native.js
/home/webroot/ggzp.0791jr.com/public/assets/js/../libs/moment/moment.js
/home/webroot/ggzp.0791jr.com/public/assets/js/frontend.js
/home/webroot/ggzp.0791jr.com/public/assets/js/frontend-init.js


/home/webroot/ggzp.0791jr.com/public/assets/css/frontend.min.css
----------------
/home/webroot/ggzp.0791jr.com/public/assets/css/../css/bootstrap.css
/home/webroot/ggzp.0791jr.com/public/assets/css/../css/fastadmin.css
/home/webroot/ggzp.0791jr.com/public/assets/css/../css/iconfont.css
/home/webroot/ggzp.0791jr.com/public/assets/css/../libs/font-awesome/css/font-awesome.min.css
/home/webroot/ggzp.0791jr.com/public/assets/css/../libs/toastr/toastr.min.css
/home/webroot/ggzp.0791jr.com/public/assets/css/../libs/fastadmin-layer/dist/theme/default/layer.css
/home/webroot/ggzp.0791jr.com/public/assets/css/../libs/bootstrap-daterangepicker/daterangepicker.css
/home/webroot/ggzp.0791jr.com/public/assets/css/../libs/nice-validator/dist/jquery.validator.css
/home/webroot/ggzp.0791jr.com/public/assets/css/frontend.css


Tracing dependencies for: require-backend

/home/webroot/ggzp.0791jr.com/public/assets/js/require-backend.min.js
----------------
/home/webroot/ggzp.0791jr.com/public/assets/libs/jquery/dist/jquery.min.js
/home/webroot/ggzp.0791jr.com/public/assets/libs/bootstrap/dist/js/bootstrap.min.js
/home/webroot/ggzp.0791jr.com/public/assets/js/require-backend.js
/home/webroot/ggzp.0791jr.com/public/assets/js/../libs/require-css/css.min.js
/home/webroot/ggzp.0791jr.com/public/assets/libs/fastadmin-layer/dist/layer.js
/home/webroot/ggzp.0791jr.com/public/assets/libs/toastr/toastr.js
/home/webroot/ggzp.0791jr.com/public/assets/js/fast.js
/home/webroot/ggzp.0791jr.com/public/assets/libs/art-template/dist/template-native.js
/home/webroot/ggzp.0791jr.com/public/assets/js/../libs/moment/moment.js
/home/webroot/ggzp.0791jr.com/public/assets/js/backend.js
/home/webroot/ggzp.0791jr.com/public/assets/js/backend-init.js
/home/webroot/ggzp.0791jr.com/public/assets/js/../libs/moment/locale/zh-cn.js
/home/webroot/ggzp.0791jr.com/public/assets/libs/bootstrap-table/dist/bootstrap-table.min.js
/home/webroot/ggzp.0791jr.com/public/assets/libs/bootstrap-table/dist/locale/bootstrap-table-zh-CN.js
/home/webroot/ggzp.0791jr.com/public/assets/libs/tableExport.jquery.plugin/tableExport.min.js
/home/webroot/ggzp.0791jr.com/public/assets/libs/bootstrap-table/dist/extensions/export/bootstrap-table-export.min.js
/home/webroot/ggzp.0791jr.com/public/assets/js/../libs/plupload/js/moxie.min.js
/home/webroot/ggzp.0791jr.com/public/assets/libs/plupload/js/plupload.min.js
/home/webroot/ggzp.0791jr.com/public/assets/js/require-upload.js
/home/webroot/ggzp.0791jr.com/public/assets/libs/nice-validator/dist/jquery.validator.js
/home/webroot/ggzp.0791jr.com/public/assets/libs/nice-validator/dist/local/zh-CN.js
/home/webroot/ggzp.0791jr.com/public/assets/js/require-validator.js
/home/webroot/ggzp.0791jr.com/public/assets/js/require-form.js
/home/webroot/ggzp.0791jr.com/public/assets/js/bootstrap-table-commonsearch.js
/home/webroot/ggzp.0791jr.com/public/assets/js/bootstrap-table-template.js
/home/webroot/ggzp.0791jr.com/public/assets/js/require-table.js
/home/webroot/ggzp.0791jr.com/public/assets/libs/fastadmin-dragsort/jquery.dragsort.js
/home/webroot/ggzp.0791jr.com/public/assets/js/jquery.drag.min.js
/home/webroot/ggzp.0791jr.com/public/assets/js/jquery.drop.min.js
/home/webroot/ggzp.0791jr.com/public/assets/libs/fastadmin-addtabs/jquery.addtabs.js
/home/webroot/ggzp.0791jr.com/public/assets/libs/fastadmin-selectpage/selectpage.js


/home/webroot/ggzp.0791jr.com/public/assets/css/backend.min.css
----------------
/home/webroot/ggzp.0791jr.com/public/assets/css/../css/bootstrap.css
/home/webroot/ggzp.0791jr.com/public/assets/css/../css/fastadmin.css
/home/webroot/ggzp.0791jr.com/public/assets/css/../css/skins/skin-blue-light.css
/home/webroot/ggzp.0791jr.com/public/assets/css/../css/iconfont.css
/home/webroot/ggzp.0791jr.com/public/assets/css/../libs/font-awesome/css/font-awesome.min.css
/home/webroot/ggzp.0791jr.com/public/assets/css/../libs/toastr/toastr.min.css
/home/webroot/ggzp.0791jr.com/public/assets/css/../libs/fastadmin-layer/dist/theme/default/layer.css
/home/webroot/ggzp.0791jr.com/public/assets/css/../libs/bootstrap-table/dist/bootstrap-table.min.css
/home/webroot/ggzp.0791jr.com/public/assets/css/../libs/eonasdan-bootstrap-datetimepicker/build/css/bootstrap-datetimepicker.min.css
/home/webroot/ggzp.0791jr.com/public/assets/css/../libs/bootstrap-daterangepicker/daterangepicker.css
/home/webroot/ggzp.0791jr.com/public/assets/css/../libs/nice-validator/dist/jquery.validator.css
/home/webroot/ggzp.0791jr.com/public/assets/css/../libs/bootstrap-select/dist/css/bootstrap-select.min.css
/home/webroot/ggzp.0791jr.com/public/assets/css/../libs/fastadmin-selectpage/selectpage.css
/home/webroot/ggzp.0791jr.com/public/assets/css/backend.css


Tracing dependencies for: require-frontend

/home/webroot/ggzp.0791jr.com/public/assets/js/require-frontend.min.js
----------------
/home/webroot/ggzp.0791jr.com/public/assets/libs/jquery/dist/jquery.min.js
/home/webroot/ggzp.0791jr.com/public/assets/libs/bootstrap/dist/js/bootstrap.min.js
/home/webroot/ggzp.0791jr.com/public/assets/js/require-frontend.js
/home/webroot/ggzp.0791jr.com/public/assets/js/../libs/require-css/css.min.js
/home/webroot/ggzp.0791jr.com/public/assets/libs/fastadmin-layer/dist/layer.js
/home/webroot/ggzp.0791jr.com/public/assets/libs/toastr/toastr.js
/home/webroot/ggzp.0791jr.com/public/assets/js/fast.js
/home/webroot/ggzp.0791jr.com/public/assets/libs/art-template/dist/template-native.js
/home/webroot/ggzp.0791jr.com/public/assets/js/../libs/moment/moment.js
/home/webroot/ggzp.0791jr.com/public/assets/js/frontend.js
/home/webroot/ggzp.0791jr.com/public/assets/js/frontend-init.js


/home/webroot/ggzp.0791jr.com/public/assets/css/frontend.min.css
----------------
/home/webroot/ggzp.0791jr.com/public/assets/css/../css/bootstrap.css
/home/webroot/ggzp.0791jr.com/public/assets/css/../css/fastadmin.css
/home/webroot/ggzp.0791jr.com/public/assets/css/../css/iconfont.css
/home/webroot/ggzp.0791jr.com/public/assets/css/../libs/font-awesome/css/font-awesome.min.css
/home/webroot/ggzp.0791jr.com/public/assets/css/../libs/toastr/toastr.min.css
/home/webroot/ggzp.0791jr.com/public/assets/css/../libs/fastadmin-layer/dist/theme/default/layer.css
/home/webroot/ggzp.0791jr.com/public/assets/css/../libs/bootstrap-daterangepicker/daterangepicker.css
/home/webroot/ggzp.0791jr.com/public/assets/css/../libs/nice-validator/dist/jquery.validator.css
/home/webroot/ggzp.0791jr.com/public/assets/css/frontend.css


Tracing dependencies for: require-backend

/home/webroot/ggzp.0791jr.com/public/assets/js/require-backend.min.js
----------------
/home/webroot/ggzp.0791jr.com/public/assets/libs/jquery/dist/jquery.min.js
/home/webroot/ggzp.0791jr.com/public/assets/libs/bootstrap/dist/js/bootstrap.min.js
/home/webroot/ggzp.0791jr.com/public/assets/js/require-backend.js
/home/webroot/ggzp.0791jr.com/public/assets/js/../libs/require-css/css.min.js
/home/webroot/ggzp.0791jr.com/public/assets/libs/fastadmin-layer/dist/layer.js
/home/webroot/ggzp.0791jr.com/public/assets/libs/toastr/toastr.js
/home/webroot/ggzp.0791jr.com/public/assets/js/fast.js
/home/webroot/ggzp.0791jr.com/public/assets/libs/art-template/dist/template-native.js
/home/webroot/ggzp.0791jr.com/public/assets/js/../libs/moment/moment.js
/home/webroot/ggzp.0791jr.com/public/assets/js/backend.js
/home/webroot/ggzp.0791jr.com/public/assets/js/backend-init.js
/home/webroot/ggzp.0791jr.com/public/assets/js/../libs/moment/locale/zh-cn.js
/home/webroot/ggzp.0791jr.com/public/assets/libs/bootstrap-table/dist/bootstrap-table.min.js
/home/webroot/ggzp.0791jr.com/public/assets/libs/bootstrap-table/dist/locale/bootstrap-table-zh-CN.js
/home/webroot/ggzp.0791jr.com/public/assets/libs/tableExport.jquery.plugin/tableExport.min.js
/home/webroot/ggzp.0791jr.com/public/assets/libs/bootstrap-table/dist/extensions/export/bootstrap-table-export.min.js
/home/webroot/ggzp.0791jr.com/public/assets/js/../libs/plupload/js/moxie.min.js
/home/webroot/ggzp.0791jr.com/public/assets/libs/plupload/js/plupload.min.js
/home/webroot/ggzp.0791jr.com/public/assets/js/require-upload.js
/home/webroot/ggzp.0791jr.com/public/assets/libs/nice-validator/dist/jquery.validator.js
/home/webroot/ggzp.0791jr.com/public/assets/libs/nice-validator/dist/local/zh-CN.js
/home/webroot/ggzp.0791jr.com/public/assets/js/require-validator.js
/home/webroot/ggzp.0791jr.com/public/assets/js/require-form.js
/home/webroot/ggzp.0791jr.com/public/assets/js/bootstrap-table-commonsearch.js
/home/webroot/ggzp.0791jr.com/public/assets/js/bootstrap-table-template.js
/home/webroot/ggzp.0791jr.com/public/assets/js/require-table.js
/home/webroot/ggzp.0791jr.com/public/assets/libs/fastadmin-dragsort/jquery.dragsort.js
/home/webroot/ggzp.0791jr.com/public/assets/js/jquery.drag.min.js
/home/webroot/ggzp.0791jr.com/public/assets/js/jquery.drop.min.js
/home/webroot/ggzp.0791jr.com/public/assets/libs/fastadmin-addtabs/jquery.addtabs.js
/home/webroot/ggzp.0791jr.com/public/assets/libs/fastadmin-selectpage/selectpage.js


/home/webroot/ggzp.0791jr.com/public/assets/css/backend.min.css
----------------
/home/webroot/ggzp.0791jr.com/public/assets/css/../css/bootstrap.css
/home/webroot/ggzp.0791jr.com/public/assets/css/../css/fastadmin.css
/home/webroot/ggzp.0791jr.com/public/assets/css/../css/skins/skin-blue-light.css
/home/webroot/ggzp.0791jr.com/public/assets/css/../css/iconfont.css
/home/webroot/ggzp.0791jr.com/public/assets/css/../libs/font-awesome/css/font-awesome.min.css
/home/webroot/ggzp.0791jr.com/public/assets/css/../libs/toastr/toastr.min.css
/home/webroot/ggzp.0791jr.com/public/assets/css/../libs/fastadmin-layer/dist/theme/default/layer.css
/home/webroot/ggzp.0791jr.com/public/assets/css/../libs/bootstrap-table/dist/bootstrap-table.min.css
/home/webroot/ggzp.0791jr.com/public/assets/css/../libs/eonasdan-bootstrap-datetimepicker/build/css/bootstrap-datetimepicker.min.css
/home/webroot/ggzp.0791jr.com/public/assets/css/../libs/bootstrap-daterangepicker/daterangepicker.css
/home/webroot/ggzp.0791jr.com/public/assets/css/../libs/nice-validator/dist/jquery.validator.css
/home/webroot/ggzp.0791jr.com/public/assets/css/../libs/bootstrap-select/dist/css/bootstrap-select.min.css
/home/webroot/ggzp.0791jr.com/public/assets/css/../libs/fastadmin-selectpage/selectpage.css
/home/webroot/ggzp.0791jr.com/public/assets/css/backend.css


Tracing dependencies for: require-frontend

/home/webroot/ggzp.0791jr.com/public/assets/js/require-frontend.min.js
----------------
/home/webroot/ggzp.0791jr.com/public/assets/libs/jquery/dist/jquery.min.js
/home/webroot/ggzp.0791jr.com/public/assets/libs/bootstrap/dist/js/bootstrap.min.js
/home/webroot/ggzp.0791jr.com/public/assets/js/require-frontend.js
/home/webroot/ggzp.0791jr.com/public/assets/js/../libs/require-css/css.min.js
/home/webroot/ggzp.0791jr.com/public/assets/libs/fastadmin-layer/dist/layer.js
/home/webroot/ggzp.0791jr.com/public/assets/libs/toastr/toastr.js
/home/webroot/ggzp.0791jr.com/public/assets/js/fast.js
/home/webroot/ggzp.0791jr.com/public/assets/libs/art-template/dist/template-native.js
/home/webroot/ggzp.0791jr.com/public/assets/js/../libs/moment/moment.js
/home/webroot/ggzp.0791jr.com/public/assets/js/frontend.js
/home/webroot/ggzp.0791jr.com/public/assets/js/frontend-init.js


/home/webroot/ggzp.0791jr.com/public/assets/css/frontend.min.css
----------------
/home/webroot/ggzp.0791jr.com/public/assets/css/../css/bootstrap.css
/home/webroot/ggzp.0791jr.com/public/assets/css/../css/fastadmin.css
/home/webroot/ggzp.0791jr.com/public/assets/css/../css/iconfont.css
/home/webroot/ggzp.0791jr.com/public/assets/css/../libs/font-awesome/css/font-awesome.min.css
/home/webroot/ggzp.0791jr.com/public/assets/css/../libs/toastr/toastr.min.css
/home/webroot/ggzp.0791jr.com/public/assets/css/../libs/fastadmin-layer/dist/theme/default/layer.css
/home/webroot/ggzp.0791jr.com/public/assets/css/../libs/bootstrap-daterangepicker/daterangepicker.css
/home/webroot/ggzp.0791jr.com/public/assets/css/../libs/nice-validator/dist/jquery.validator.css
/home/webroot/ggzp.0791jr.com/public/assets/css/frontend.css


Tracing dependencies for: require-backend

/home/webroot/ggzp.0791jr.com/public/assets/js/require-backend.min.js
----------------
/home/webroot/ggzp.0791jr.com/public/assets/libs/jquery/dist/jquery.min.js
/home/webroot/ggzp.0791jr.com/public/assets/libs/bootstrap/dist/js/bootstrap.min.js
/home/webroot/ggzp.0791jr.com/public/assets/js/require-backend.js
/home/webroot/ggzp.0791jr.com/public/assets/js/../libs/require-css/css.min.js
/home/webroot/ggzp.0791jr.com/public/assets/libs/fastadmin-layer/dist/layer.js
/home/webroot/ggzp.0791jr.com/public/assets/libs/toastr/toastr.js
/home/webroot/ggzp.0791jr.com/public/assets/js/fast.js
/home/webroot/ggzp.0791jr.com/public/assets/libs/art-template/dist/template-native.js
/home/webroot/ggzp.0791jr.com/public/assets/js/../libs/moment/moment.js
/home/webroot/ggzp.0791jr.com/public/assets/js/backend.js
/home/webroot/ggzp.0791jr.com/public/assets/js/backend-init.js
/home/webroot/ggzp.0791jr.com/public/assets/js/../libs/moment/locale/zh-cn.js
/home/webroot/ggzp.0791jr.com/public/assets/libs/bootstrap-table/dist/bootstrap-table.min.js
/home/webroot/ggzp.0791jr.com/public/assets/libs/bootstrap-table/dist/locale/bootstrap-table-zh-CN.js
/home/webroot/ggzp.0791jr.com/public/assets/libs/tableExport.jquery.plugin/tableExport.min.js
/home/webroot/ggzp.0791jr.com/public/assets/libs/bootstrap-table/dist/extensions/export/bootstrap-table-export.min.js
/home/webroot/ggzp.0791jr.com/public/assets/js/../libs/plupload/js/moxie.min.js
/home/webroot/ggzp.0791jr.com/public/assets/libs/plupload/js/plupload.min.js
/home/webroot/ggzp.0791jr.com/public/assets/js/require-upload.js
/home/webroot/ggzp.0791jr.com/public/assets/libs/nice-validator/dist/jquery.validator.js
/home/webroot/ggzp.0791jr.com/public/assets/libs/nice-validator/dist/local/zh-CN.js
/home/webroot/ggzp.0791jr.com/public/assets/js/require-validator.js
/home/webroot/ggzp.0791jr.com/public/assets/js/require-form.js
/home/webroot/ggzp.0791jr.com/public/assets/js/bootstrap-table-commonsearch.js
/home/webroot/ggzp.0791jr.com/public/assets/js/bootstrap-table-template.js
/home/webroot/ggzp.0791jr.com/public/assets/js/require-table.js
/home/webroot/ggzp.0791jr.com/public/assets/libs/fastadmin-dragsort/jquery.dragsort.js
/home/webroot/ggzp.0791jr.com/public/assets/js/jquery.drag.min.js
/home/webroot/ggzp.0791jr.com/public/assets/js/jquery.drop.min.js
/home/webroot/ggzp.0791jr.com/public/assets/libs/fastadmin-addtabs/jquery.addtabs.js
/home/webroot/ggzp.0791jr.com/public/assets/libs/fastadmin-selectpage/selectpage.js


/home/webroot/ggzp.0791jr.com/public/assets/css/backend.min.css
----------------
/home/webroot/ggzp.0791jr.com/public/assets/css/../css/bootstrap.css
/home/webroot/ggzp.0791jr.com/public/assets/css/../css/fastadmin.css
/home/webroot/ggzp.0791jr.com/public/assets/css/../css/skins/skin-blue-light.css
/home/webroot/ggzp.0791jr.com/public/assets/css/../css/iconfont.css
/home/webroot/ggzp.0791jr.com/public/assets/css/../libs/font-awesome/css/font-awesome.min.css
/home/webroot/ggzp.0791jr.com/public/assets/css/../libs/toastr/toastr.min.css
/home/webroot/ggzp.0791jr.com/public/assets/css/../libs/fastadmin-layer/dist/theme/default/layer.css
/home/webroot/ggzp.0791jr.com/public/assets/css/../libs/bootstrap-table/dist/bootstrap-table.min.css
/home/webroot/ggzp.0791jr.com/public/assets/css/../libs/eonasdan-bootstrap-datetimepicker/build/css/bootstrap-datetimepicker.min.css
/home/webroot/ggzp.0791jr.com/public/assets/css/../libs/bootstrap-daterangepicker/daterangepicker.css
/home/webroot/ggzp.0791jr.com/public/assets/css/../libs/nice-validator/dist/jquery.validator.css
/home/webroot/ggzp.0791jr.com/public/assets/css/../libs/bootstrap-select/dist/css/bootstrap-select.min.css
/home/webroot/ggzp.0791jr.com/public/assets/css/../libs/fastadmin-selectpage/selectpage.css
/home/webroot/ggzp.0791jr.com/public/assets/css/backend.css


Tracing dependencies for: require-frontend

/home/webroot/ggzp.0791jr.com/public/assets/js/require-frontend.min.js
----------------
/home/webroot/ggzp.0791jr.com/public/assets/libs/jquery/dist/jquery.min.js
/home/webroot/ggzp.0791jr.com/public/assets/libs/bootstrap/dist/js/bootstrap.min.js
/home/webroot/ggzp.0791jr.com/public/assets/js/require-frontend.js
/home/webroot/ggzp.0791jr.com/public/assets/js/../libs/require-css/css.min.js
/home/webroot/ggzp.0791jr.com/public/assets/libs/fastadmin-layer/dist/layer.js
/home/webroot/ggzp.0791jr.com/public/assets/libs/toastr/toastr.js
/home/webroot/ggzp.0791jr.com/public/assets/js/fast.js
/home/webroot/ggzp.0791jr.com/public/assets/libs/art-template/dist/template-native.js
/home/webroot/ggzp.0791jr.com/public/assets/js/../libs/moment/moment.js
/home/webroot/ggzp.0791jr.com/public/assets/js/frontend.js
/home/webroot/ggzp.0791jr.com/public/assets/js/frontend-init.js


/home/webroot/ggzp.0791jr.com/public/assets/css/frontend.min.css
----------------
/home/webroot/ggzp.0791jr.com/public/assets/css/../css/bootstrap.css
/home/webroot/ggzp.0791jr.com/public/assets/css/../css/fastadmin.css
/home/webroot/ggzp.0791jr.com/public/assets/css/../css/iconfont.css
/home/webroot/ggzp.0791jr.com/public/assets/css/../libs/font-awesome/css/font-awesome.min.css
/home/webroot/ggzp.0791jr.com/public/assets/css/../libs/toastr/toastr.min.css
/home/webroot/ggzp.0791jr.com/public/assets/css/../libs/fastadmin-layer/dist/theme/default/layer.css
/home/webroot/ggzp.0791jr.com/public/assets/css/../libs/bootstrap-daterangepicker/daterangepicker.css
/home/webroot/ggzp.0791jr.com/public/assets/css/../libs/nice-validator/dist/jquery.validator.css
/home/webroot/ggzp.0791jr.com/public/assets/css/frontend.css


Tracing dependencies for: require-backend

/home/webroot/ggzp.0791jr.com/public/assets/js/require-backend.min.js
----------------
/home/webroot/ggzp.0791jr.com/public/assets/libs/jquery/dist/jquery.min.js
/home/webroot/ggzp.0791jr.com/public/assets/libs/bootstrap/dist/js/bootstrap.min.js
/home/webroot/ggzp.0791jr.com/public/assets/js/require-backend.js
/home/webroot/ggzp.0791jr.com/public/assets/js/../libs/require-css/css.min.js
/home/webroot/ggzp.0791jr.com/public/assets/libs/fastadmin-layer/dist/layer.js
/home/webroot/ggzp.0791jr.com/public/assets/libs/toastr/toastr.js
/home/webroot/ggzp.0791jr.com/public/assets/js/fast.js
/home/webroot/ggzp.0791jr.com/public/assets/libs/art-template/dist/template-native.js
/home/webroot/ggzp.0791jr.com/public/assets/js/../libs/moment/moment.js
/home/webroot/ggzp.0791jr.com/public/assets/js/backend.js
/home/webroot/ggzp.0791jr.com/public/assets/js/../libs/moment/locale/zh-cn.js
/home/webroot/ggzp.0791jr.com/public/assets/libs/bootstrap-table/dist/bootstrap-table.min.js
/home/webroot/ggzp.0791jr.com/public/assets/libs/bootstrap-table/dist/locale/bootstrap-table-zh-CN.js
/home/webroot/ggzp.0791jr.com/public/assets/libs/tableExport.jquery.plugin/tableExport.min.js
/home/webroot/ggzp.0791jr.com/public/assets/libs/bootstrap-table/dist/extensions/export/bootstrap-table-export.min.js
/home/webroot/ggzp.0791jr.com/public/assets/js/../libs/plupload/js/moxie.min.js
/home/webroot/ggzp.0791jr.com/public/assets/libs/plupload/js/plupload.min.js
/home/webroot/ggzp.0791jr.com/public/assets/js/require-upload.js
/home/webroot/ggzp.0791jr.com/public/assets/libs/nice-validator/dist/jquery.validator.js
/home/webroot/ggzp.0791jr.com/public/assets/libs/nice-validator/dist/local/zh-CN.js
/home/webroot/ggzp.0791jr.com/public/assets/js/require-validator.js
/home/webroot/ggzp.0791jr.com/public/assets/js/require-form.js
/home/webroot/ggzp.0791jr.com/public/assets/js/bootstrap-table-commonsearch.js
/home/webroot/ggzp.0791jr.com/public/assets/js/bootstrap-table-template.js
/home/webroot/ggzp.0791jr.com/public/assets/js/require-table.js
/home/webroot/ggzp.0791jr.com/public/assets/js/backend-init.js
/home/webroot/ggzp.0791jr.com/public/assets/libs/fastadmin-dragsort/jquery.dragsort.js
/home/webroot/ggzp.0791jr.com/public/assets/js/jquery.drag.min.js
/home/webroot/ggzp.0791jr.com/public/assets/js/jquery.drop.min.js
/home/webroot/ggzp.0791jr.com/public/assets/libs/fastadmin-addtabs/jquery.addtabs.js
/home/webroot/ggzp.0791jr.com/public/assets/libs/fastadmin-selectpage/selectpage.js


/home/webroot/ggzp.0791jr.com/public/assets/css/backend.min.css
----------------
/home/webroot/ggzp.0791jr.com/public/assets/css/../css/bootstrap.css
/home/webroot/ggzp.0791jr.com/public/assets/css/../css/fastadmin.css
/home/webroot/ggzp.0791jr.com/public/assets/css/../css/skins/skin-blue-light.css
/home/webroot/ggzp.0791jr.com/public/assets/css/../css/iconfont.css
/home/webroot/ggzp.0791jr.com/public/assets/css/../libs/font-awesome/css/font-awesome.min.css
/home/webroot/ggzp.0791jr.com/public/assets/css/../libs/toastr/toastr.min.css
/home/webroot/ggzp.0791jr.com/public/assets/css/../libs/fastadmin-layer/dist/theme/default/layer.css
/home/webroot/ggzp.0791jr.com/public/assets/css/../libs/bootstrap-table/dist/bootstrap-table.min.css
/home/webroot/ggzp.0791jr.com/public/assets/css/../libs/eonasdan-bootstrap-datetimepicker/build/css/bootstrap-datetimepicker.min.css
/home/webroot/ggzp.0791jr.com/public/assets/css/../libs/bootstrap-daterangepicker/daterangepicker.css
/home/webroot/ggzp.0791jr.com/public/assets/css/../libs/nice-validator/dist/jquery.validator.css
/home/webroot/ggzp.0791jr.com/public/assets/css/../libs/bootstrap-select/dist/css/bootstrap-select.min.css
/home/webroot/ggzp.0791jr.com/public/assets/css/../libs/fastadmin-selectpage/selectpage.css
/home/webroot/ggzp.0791jr.com/public/assets/css/backend.css


Tracing dependencies for: require-frontend

/home/webroot/ggzp.0791jr.com/public/assets/js/require-frontend.min.js
----------------
/home/webroot/ggzp.0791jr.com/public/assets/libs/jquery/dist/jquery.min.js
/home/webroot/ggzp.0791jr.com/public/assets/libs/bootstrap/dist/js/bootstrap.min.js
/home/webroot/ggzp.0791jr.com/public/assets/js/require-frontend.js
/home/webroot/ggzp.0791jr.com/public/assets/js/../libs/require-css/css.min.js
/home/webroot/ggzp.0791jr.com/public/assets/libs/fastadmin-layer/dist/layer.js
/home/webroot/ggzp.0791jr.com/public/assets/libs/toastr/toastr.js
/home/webroot/ggzp.0791jr.com/public/assets/js/fast.js
/home/webroot/ggzp.0791jr.com/public/assets/libs/art-template/dist/template-native.js
/home/webroot/ggzp.0791jr.com/public/assets/js/../libs/moment/moment.js
/home/webroot/ggzp.0791jr.com/public/assets/js/frontend.js
/home/webroot/ggzp.0791jr.com/public/assets/js/frontend-init.js


/home/webroot/ggzp.0791jr.com/public/assets/css/frontend.min.css
----------------
/home/webroot/ggzp.0791jr.com/public/assets/css/../css/bootstrap.css
/home/webroot/ggzp.0791jr.com/public/assets/css/../css/fastadmin.css
/home/webroot/ggzp.0791jr.com/public/assets/css/../css/iconfont.css
/home/webroot/ggzp.0791jr.com/public/assets/css/../libs/font-awesome/css/font-awesome.min.css
/home/webroot/ggzp.0791jr.com/public/assets/css/../libs/toastr/toastr.min.css
/home/webroot/ggzp.0791jr.com/public/assets/css/../libs/fastadmin-layer/dist/theme/default/layer.css
/home/webroot/ggzp.0791jr.com/public/assets/css/../libs/bootstrap-daterangepicker/daterangepicker.css
/home/webroot/ggzp.0791jr.com/public/assets/css/../libs/nice-validator/dist/jquery.validator.css
/home/webroot/ggzp.0791jr.com/public/assets/css/frontend.css


Tracing dependencies for: require-backend

/home/webroot/ggzp.0791jr.com/public/assets/js/require-backend.min.js
----------------
/home/webroot/ggzp.0791jr.com/public/assets/libs/jquery/dist/jquery.min.js
/home/webroot/ggzp.0791jr.com/public/assets/libs/bootstrap/dist/js/bootstrap.min.js
/home/webroot/ggzp.0791jr.com/public/assets/js/require-backend.js
/home/webroot/ggzp.0791jr.com/public/assets/js/../libs/require-css/css.min.js
/home/webroot/ggzp.0791jr.com/public/assets/libs/fastadmin-layer/dist/layer.js
/home/webroot/ggzp.0791jr.com/public/assets/libs/toastr/toastr.js
/home/webroot/ggzp.0791jr.com/public/assets/js/fast.js
/home/webroot/ggzp.0791jr.com/public/assets/libs/art-template/dist/template-native.js
/home/webroot/ggzp.0791jr.com/public/assets/js/../libs/moment/moment.js
/home/webroot/ggzp.0791jr.com/public/assets/js/backend.js
/home/webroot/ggzp.0791jr.com/public/assets/js/../libs/moment/locale/zh-cn.js
/home/webroot/ggzp.0791jr.com/public/assets/libs/bootstrap-table/dist/bootstrap-table.min.js
/home/webroot/ggzp.0791jr.com/public/assets/libs/bootstrap-table/dist/locale/bootstrap-table-zh-CN.js
/home/webroot/ggzp.0791jr.com/public/assets/libs/tableExport.jquery.plugin/tableExport.min.js
/home/webroot/ggzp.0791jr.com/public/assets/libs/bootstrap-table/dist/extensions/export/bootstrap-table-export.min.js
/home/webroot/ggzp.0791jr.com/public/assets/js/../libs/plupload/js/moxie.min.js
/home/webroot/ggzp.0791jr.com/public/assets/libs/plupload/js/plupload.min.js
/home/webroot/ggzp.0791jr.com/public/assets/js/require-upload.js
/home/webroot/ggzp.0791jr.com/public/assets/libs/nice-validator/dist/jquery.validator.js
/home/webroot/ggzp.0791jr.com/public/assets/libs/nice-validator/dist/local/zh-CN.js
/home/webroot/ggzp.0791jr.com/public/assets/js/require-validator.js
/home/webroot/ggzp.0791jr.com/public/assets/js/require-form.js
/home/webroot/ggzp.0791jr.com/public/assets/js/bootstrap-table-commonsearch.js
/home/webroot/ggzp.0791jr.com/public/assets/js/bootstrap-table-template.js
/home/webroot/ggzp.0791jr.com/public/assets/js/require-table.js
/home/webroot/ggzp.0791jr.com/public/assets/js/backend-init.js
/home/webroot/ggzp.0791jr.com/public/assets/libs/fastadmin-dragsort/jquery.dragsort.js
/home/webroot/ggzp.0791jr.com/public/assets/js/jquery.drag.min.js
/home/webroot/ggzp.0791jr.com/public/assets/js/jquery.drop.min.js
/home/webroot/ggzp.0791jr.com/public/assets/libs/fastadmin-addtabs/jquery.addtabs.js
/home/webroot/ggzp.0791jr.com/public/assets/libs/fastadmin-selectpage/selectpage.js


/home/webroot/ggzp.0791jr.com/public/assets/css/backend.min.css
----------------
/home/webroot/ggzp.0791jr.com/public/assets/css/../css/bootstrap.css
/home/webroot/ggzp.0791jr.com/public/assets/css/../css/fastadmin.css
/home/webroot/ggzp.0791jr.com/public/assets/css/../css/skins/skin-blue-light.css
/home/webroot/ggzp.0791jr.com/public/assets/css/../css/iconfont.css
/home/webroot/ggzp.0791jr.com/public/assets/css/../libs/font-awesome/css/font-awesome.min.css
/home/webroot/ggzp.0791jr.com/public/assets/css/../libs/toastr/toastr.min.css
/home/webroot/ggzp.0791jr.com/public/assets/css/../libs/fastadmin-layer/dist/theme/default/layer.css
/home/webroot/ggzp.0791jr.com/public/assets/css/../libs/bootstrap-table/dist/bootstrap-table.min.css
/home/webroot/ggzp.0791jr.com/public/assets/css/../libs/eonasdan-bootstrap-datetimepicker/build/css/bootstrap-datetimepicker.min.css
/home/webroot/ggzp.0791jr.com/public/assets/css/../libs/bootstrap-daterangepicker/daterangepicker.css
/home/webroot/ggzp.0791jr.com/public/assets/css/../libs/nice-validator/dist/jquery.validator.css
/home/webroot/ggzp.0791jr.com/public/assets/css/../libs/bootstrap-select/dist/css/bootstrap-select.min.css
/home/webroot/ggzp.0791jr.com/public/assets/css/../libs/fastadmin-selectpage/selectpage.css
/home/webroot/ggzp.0791jr.com/public/assets/css/backend.css

