---------------------------------------------------------------
[ 2021-08-12T05:34:00+08:00 ] 139.224.238.204 GET fywjd.jxsxkeji.com/
[运行时间：0.162343s] [吞吐率：6.16req/s] [内存消耗：3,230.34kb] [文件加载：82]
[ info ] [ BEHAVIOR ] Run Closure @app_init [ RunTime:0.000018s ]
[ info ] [ CACHE ] INIT File
[ info ] [ BEHAVIOR ] Run \addons\cms\Cms @app_init [ RunTime:0.003780s ]
[ info ] [ BEHAVIOR ] Run \addons\epay\Epay @app_init [ RunTime:0.000031s ]
[ info ] [ BEHAVIOR ] Run Closure @app_init [ RunTime:0.000051s ]
[ info ] [ LANG ] /www/wwwroot/fywjd.jxsxkeji.com/thinkphp/lang/zh-cn.php
[ info ] [ ROUTE ] array (
  'type' => 'module',
  'module' => 
  array (
    0 => '',
    1 => NULL,
    2 => NULL,
  ),
)
[ info ] [ HEADER ] array (
  'accept-encoding' => 'gzip',
  'connection' => 'Keep-Alive',
  'host' => 'fywjd.jxsxkeji.com',
  'user-agent' => 'Mozilla/5.0 (X11; Ubuntu; Linux x86_64; rv:36.0) Gecko/20100101 Firefox/36.0',
  'content-type' => '',
  'content-length' => '',
)
[ info ] [ PARAM ] array (
)
[ info ] [ LANG ] /www/wwwroot/fywjd.jxsxkeji.com/public/../application/admin/lang/zh-cn.php
[ info ] [ BEHAVIOR ] Run app\common\behavior\Common @module_init [ RunTime:0.002691s ]
[ info ] [ SESSION ] INIT array (
  'id' => '',
  'var_session_id' => '',
  'prefix' => 'think',
  'type' => '',
  'auto_start' => true,
  'expire' => 86400,
)
[ info ] [ BEHAVIOR ] Run app\admin\behavior\AdminLog @app_end [ RunTime:0.000682s ]
[ info ] [ BEHAVIOR ] Run \addons\cms\Cms @response_send [ RunTime:0.000875s ]
[ info ] [ LOG ] INIT File
---------------------------------------------------------------
[ 2021-08-12T05:34:00+08:00 ] 139.224.238.204 GET fywjd.jxsxkeji.com/admin/index/login
[运行时间：0.027098s] [吞吐率：36.90req/s] [内存消耗：3,560.20kb] [文件加载：90]
[ info ] [ BEHAVIOR ] Run Closure @app_init [ RunTime:0.000015s ]
[ info ] [ CACHE ] INIT File
[ info ] [ BEHAVIOR ] Run \addons\cms\Cms @app_init [ RunTime:0.001422s ]
[ info ] [ BEHAVIOR ] Run \addons\epay\Epay @app_init [ RunTime:0.000026s ]
[ info ] [ BEHAVIOR ] Run Closure @app_init [ RunTime:0.000042s ]
[ info ] [ LANG ] /www/wwwroot/fywjd.jxsxkeji.com/thinkphp/lang/zh-cn.php
[ info ] [ ROUTE ] array (
  'type' => 'module',
  'module' => 
  array (
    0 => 'admin',
    1 => 'index',
    2 => 'login',
  ),
)
[ info ] [ HEADER ] array (
  'accept-encoding' => 'gzip',
  'connection' => 'Keep-Alive',
  'host' => 'fywjd.jxsxkeji.com',
  'user-agent' => 'Mozilla/5.0 (X11; Ubuntu; Linux x86_64; rv:36.0) Gecko/20100101 Firefox/36.0',
  'content-type' => '',
  'content-length' => '',
)
[ info ] [ PARAM ] array (
)
[ info ] [ LANG ] /www/wwwroot/fywjd.jxsxkeji.com/public/../application/admin/lang/zh-cn.php
[ info ] [ BEHAVIOR ] Run app\common\behavior\Common @module_init [ RunTime:0.000926s ]
[ info ] [ SESSION ] INIT array (
  'id' => '',
  'var_session_id' => '',
  'prefix' => 'think',
  'type' => '',
  'auto_start' => true,
  'expire' => 86400,
)
[ info ] [ BEHAVIOR ] Run \addons\geetest\Geetest @config_init [ RunTime:0.000443s ]
[ info ] [ BEHAVIOR ] Run \addons\nkeditor\Nkeditor @config_init [ RunTime:0.000425s ]
[ info ] [ LANG ] /www/wwwroot/fywjd.jxsxkeji.com/public/../application/admin/lang/zh-cn/index.php
[ info ] [ BEHAVIOR ] Run \addons\geetest\Geetest @action_begin [ RunTime:0.000024s ]
[ info ] [ RUN ] app\admin\controller\Index->login[ /www/wwwroot/fywjd.jxsxkeji.com/application/admin/controller/Index.php ]
[ info ] [ BEHAVIOR ] Run \addons\loginbg\Loginbg @admin_login_init [ RunTime:0.000317s ]
[ info ] [ VIEW ] /www/wwwroot/fywjd.jxsxkeji.com/public/../application/admin/view/index/login.html [ array (
  0 => 'breadcrumb',
  1 => 'site',
  2 => 'config',
  3 => 'auth',
  4 => 'admin',
  5 => 'logo',
  6 => 'back',
  7 => 'title',
  8 => 'background',
) ]
[ info ] [ BEHAVIOR ] Run app\admin\behavior\AdminLog @app_end [ RunTime:0.000058s ]
[ info ] [ BEHAVIOR ] Run \addons\cms\Cms @response_send [ RunTime:0.000052s ]
[ info ] [ LOG ] INIT File
[ error ] [2]ini_set(): A session is active. You cannot change the session module's ini settings at this time[/www/wwwroot/fywjd.jxsxkeji.com/thinkphp/library/think/Cookie.php:49]
---------------------------------------------------------------
[ 2021-08-12T11:42:58+08:00 ] 106.53.83.56 GET fywjd.jxsxkeji.com/
[运行时间：0.063563s] [吞吐率：15.73req/s] [内存消耗：3,230.95kb] [文件加载：82]
[ info ] [ BEHAVIOR ] Run Closure @app_init [ RunTime:0.000018s ]
[ info ] [ CACHE ] INIT File
[ info ] [ BEHAVIOR ] Run \addons\cms\Cms @app_init [ RunTime:0.003585s ]
[ info ] [ BEHAVIOR ] Run \addons\epay\Epay @app_init [ RunTime:0.000029s ]
[ info ] [ BEHAVIOR ] Run Closure @app_init [ RunTime:0.000047s ]
[ info ] [ LANG ] /www/wwwroot/fywjd.jxsxkeji.com/thinkphp/lang/zh-cn.php
[ info ] [ ROUTE ] array (
  'type' => 'module',
  'module' => 
  array (
    0 => '',
    1 => NULL,
    2 => NULL,
  ),
)
[ info ] [ HEADER ] array (
  'connection' => 'close',
  'accept-encoding' => 'gzip',
  'referer' => 'http://fywjd.jxsxkeji.com',
  'user-agent' => 'Mozilla/5.0 (compatible; ThinkBot/0.3.0; +In_the_test_phase,_if_the_spider_brings_you_trouble,_please_add_our_IP_to_the_blacklist._Thank_you.)',
  'host' => 'fywjd.jxsxkeji.com',
  'content-type' => '',
  'content-length' => '',
)
[ info ] [ PARAM ] array (
)
[ info ] [ LANG ] /www/wwwroot/fywjd.jxsxkeji.com/public/../application/admin/lang/zh-cn.php
[ info ] [ BEHAVIOR ] Run app\common\behavior\Common @module_init [ RunTime:0.001948s ]
[ info ] [ SESSION ] INIT array (
  'id' => '',
  'var_session_id' => '',
  'prefix' => 'think',
  'type' => '',
  'auto_start' => true,
  'expire' => 86400,
)
[ info ] [ BEHAVIOR ] Run app\admin\behavior\AdminLog @app_end [ RunTime:0.000649s ]
[ info ] [ BEHAVIOR ] Run \addons\cms\Cms @response_send [ RunTime:0.000853s ]
[ info ] [ LOG ] INIT File
---------------------------------------------------------------
[ 2021-08-12T11:43:02+08:00 ] 106.53.83.56 GET fywjd.jxsxkeji.com/admin/index/login
[运行时间：0.027731s] [吞吐率：36.06req/s] [内存消耗：3,560.81kb] [文件加载：90]
[ info ] [ BEHAVIOR ] Run Closure @app_init [ RunTime:0.000015s ]
[ info ] [ CACHE ] INIT File
[ info ] [ BEHAVIOR ] Run \addons\cms\Cms @app_init [ RunTime:0.001424s ]
[ info ] [ BEHAVIOR ] Run \addons\epay\Epay @app_init [ RunTime:0.000025s ]
[ info ] [ BEHAVIOR ] Run Closure @app_init [ RunTime:0.000042s ]
[ info ] [ LANG ] /www/wwwroot/fywjd.jxsxkeji.com/thinkphp/lang/zh-cn.php
[ info ] [ ROUTE ] array (
  'type' => 'module',
  'module' => 
  array (
    0 => 'admin',
    1 => 'index',
    2 => 'login',
  ),
)
[ info ] [ HEADER ] array (
  'connection' => 'close',
  'accept-encoding' => 'gzip',
  'referer' => 'https://fywjd.jxsxkeji.com/',
  'user-agent' => 'Mozilla/5.0 (compatible; ThinkBot/0.3.0; +In_the_test_phase,_if_the_spider_brings_you_trouble,_please_add_our_IP_to_the_blacklist._Thank_you.)',
  'host' => 'fywjd.jxsxkeji.com',
  'content-type' => '',
  'content-length' => '',
)
[ info ] [ PARAM ] array (
)
[ info ] [ LANG ] /www/wwwroot/fywjd.jxsxkeji.com/public/../application/admin/lang/zh-cn.php
[ info ] [ BEHAVIOR ] Run app\common\behavior\Common @module_init [ RunTime:0.000932s ]
[ info ] [ SESSION ] INIT array (
  'id' => '',
  'var_session_id' => '',
  'prefix' => 'think',
  'type' => '',
  'auto_start' => true,
  'expire' => 86400,
)
[ info ] [ BEHAVIOR ] Run \addons\geetest\Geetest @config_init [ RunTime:0.000550s ]
[ info ] [ BEHAVIOR ] Run \addons\nkeditor\Nkeditor @config_init [ RunTime:0.000447s ]
[ info ] [ LANG ] /www/wwwroot/fywjd.jxsxkeji.com/public/../application/admin/lang/zh-cn/index.php
[ info ] [ BEHAVIOR ] Run \addons\geetest\Geetest @action_begin [ RunTime:0.000024s ]
[ info ] [ RUN ] app\admin\controller\Index->login[ /www/wwwroot/fywjd.jxsxkeji.com/application/admin/controller/Index.php ]
[ info ] [ BEHAVIOR ] Run \addons\loginbg\Loginbg @admin_login_init [ RunTime:0.000682s ]
[ info ] [ VIEW ] /www/wwwroot/fywjd.jxsxkeji.com/public/../application/admin/view/index/login.html [ array (
  0 => 'breadcrumb',
  1 => 'site',
  2 => 'config',
  3 => 'auth',
  4 => 'admin',
  5 => 'logo',
  6 => 'back',
  7 => 'title',
  8 => 'background',
) ]
[ info ] [ BEHAVIOR ] Run app\admin\behavior\AdminLog @app_end [ RunTime:0.000049s ]
[ info ] [ BEHAVIOR ] Run \addons\cms\Cms @response_send [ RunTime:0.000046s ]
[ info ] [ LOG ] INIT File
[ error ] [2]ini_set(): A session is active. You cannot change the session module's ini settings at this time[/www/wwwroot/fywjd.jxsxkeji.com/thinkphp/library/think/Cookie.php:49]
---------------------------------------------------------------
[ 2021-08-12T19:26:21+08:00 ] 113.31.114.242 GET fywjd.jxsxkeji.com/
[运行时间：0.154856s] [吞吐率：6.46req/s] [内存消耗：3,233.52kb] [文件加载：82]
[ info ] [ BEHAVIOR ] Run Closure @app_init [ RunTime:0.000017s ]
[ info ] [ CACHE ] INIT File
[ info ] [ BEHAVIOR ] Run \addons\cms\Cms @app_init [ RunTime:0.004189s ]
[ info ] [ BEHAVIOR ] Run \addons\epay\Epay @app_init [ RunTime:0.000032s ]
[ info ] [ BEHAVIOR ] Run Closure @app_init [ RunTime:0.000052s ]
[ info ] [ LANG ] /www/wwwroot/fywjd.jxsxkeji.com/thinkphp/lang/zh-cn.php
[ info ] [ ROUTE ] array (
  'type' => 'module',
  'module' => 
  array (
    0 => '',
    1 => NULL,
    2 => NULL,
  ),
)
[ info ] [ HEADER ] array (
  'accept-language' => 'zh-CN,zh;q=0.9',
  'cache-control' => 'no-cache',
  'connection' => 'keep-alive',
  'accept' => 'text/html,application/xhtml+xml,application/xml;q=0.9,image/avif,image/webp,image/apng,*/*;q=0.8,application/signed-exchange;v=b3;q=0.9',
  'accept-encoding' => 'gzip, deflate',
  'user-agent' => 'Dalvik/2.1.0 (Linux; U; Android 7.0; ZTE BA520 Build/MRA58K)',
  'host' => 'fywjd.jxsxkeji.com',
  'content-type' => '',
  'content-length' => '',
)
[ info ] [ PARAM ] array (
)
[ info ] [ LANG ] /www/wwwroot/fywjd.jxsxkeji.com/public/../application/admin/lang/zh-cn.php
[ info ] [ BEHAVIOR ] Run app\common\behavior\Common @module_init [ RunTime:0.003355s ]
[ info ] [ SESSION ] INIT array (
  'id' => '',
  'var_session_id' => '',
  'prefix' => 'think',
  'type' => '',
  'auto_start' => true,
  'expire' => 86400,
)
[ info ] [ BEHAVIOR ] Run app\admin\behavior\AdminLog @app_end [ RunTime:0.000684s ]
[ info ] [ BEHAVIOR ] Run \addons\cms\Cms @response_send [ RunTime:0.000902s ]
[ info ] [ LOG ] INIT File
---------------------------------------------------------------
[ 2021-08-12T19:26:21+08:00 ] 113.31.114.242 GET fywjd.jxsxkeji.com/admin/index/login
[运行时间：0.028156s] [吞吐率：35.52req/s] [内存消耗：3,564.59kb] [文件加载：90]
[ info ] [ BEHAVIOR ] Run Closure @app_init [ RunTime:0.000015s ]
[ info ] [ CACHE ] INIT File
[ info ] [ BEHAVIOR ] Run \addons\cms\Cms @app_init [ RunTime:0.001444s ]
[ info ] [ BEHAVIOR ] Run \addons\epay\Epay @app_init [ RunTime:0.000028s ]
[ info ] [ BEHAVIOR ] Run Closure @app_init [ RunTime:0.000043s ]
[ info ] [ LANG ] /www/wwwroot/fywjd.jxsxkeji.com/thinkphp/lang/zh-cn.php
[ info ] [ ROUTE ] array (
  'type' => 'module',
  'module' => 
  array (
    0 => 'admin',
    1 => 'index',
    2 => 'login',
  ),
)
[ info ] [ HEADER ] array (
  'cookie' => 'PHPSESSID=4528o5rrfqciuu1b9bfu3u76rc',
  'accept-language' => 'zh-CN,zh;q=0.9',
  'cache-control' => 'no-cache',
  'connection' => 'keep-alive',
  'accept' => 'text/html,application/xhtml+xml,application/xml;q=0.9,image/avif,image/webp,image/apng,*/*;q=0.8,application/signed-exchange;v=b3;q=0.9',
  'accept-encoding' => 'gzip, deflate',
  'user-agent' => 'Dalvik/2.1.0 (Linux; U; Android 7.0; ZTE BA520 Build/MRA58K)',
  'host' => 'fywjd.jxsxkeji.com',
  'content-type' => '',
  'content-length' => '',
)
[ info ] [ PARAM ] array (
)
[ info ] [ LANG ] /www/wwwroot/fywjd.jxsxkeji.com/public/../application/admin/lang/zh-cn.php
[ info ] [ BEHAVIOR ] Run app\common\behavior\Common @module_init [ RunTime:0.000926s ]
[ info ] [ SESSION ] INIT array (
  'id' => '',
  'var_session_id' => '',
  'prefix' => 'think',
  'type' => '',
  'auto_start' => true,
  'expire' => 86400,
)
[ info ] [ BEHAVIOR ] Run \addons\geetest\Geetest @config_init [ RunTime:0.000452s ]
[ info ] [ BEHAVIOR ] Run \addons\nkeditor\Nkeditor @config_init [ RunTime:0.000406s ]
[ info ] [ LANG ] /www/wwwroot/fywjd.jxsxkeji.com/public/../application/admin/lang/zh-cn/index.php
[ info ] [ BEHAVIOR ] Run \addons\geetest\Geetest @action_begin [ RunTime:0.000023s ]
[ info ] [ RUN ] app\admin\controller\Index->login[ /www/wwwroot/fywjd.jxsxkeji.com/application/admin/controller/Index.php ]
[ info ] [ BEHAVIOR ] Run \addons\loginbg\Loginbg @admin_login_init [ RunTime:0.000372s ]
[ info ] [ VIEW ] /www/wwwroot/fywjd.jxsxkeji.com/public/../application/admin/view/index/login.html [ array (
  0 => 'breadcrumb',
  1 => 'site',
  2 => 'config',
  3 => 'auth',
  4 => 'admin',
  5 => 'logo',
  6 => 'back',
  7 => 'title',
  8 => 'background',
) ]
[ info ] [ BEHAVIOR ] Run app\admin\behavior\AdminLog @app_end [ RunTime:0.000049s ]
[ info ] [ BEHAVIOR ] Run \addons\cms\Cms @response_send [ RunTime:0.000051s ]
[ info ] [ LOG ] INIT File
[ error ] [2]ini_set(): A session is active. You cannot change the session module's ini settings at this time[/www/wwwroot/fywjd.jxsxkeji.com/thinkphp/library/think/Cookie.php:49]
---------------------------------------------------------------
[ 2021-08-12T20:02:53+08:00 ] 113.31.114.242 GET fywjd.jxsxkeji.com/
[运行时间：0.019482s] [吞吐率：51.33req/s] [内存消耗：3,233.52kb] [文件加载：82]
[ info ] [ BEHAVIOR ] Run Closure @app_init [ RunTime:0.000015s ]
[ info ] [ CACHE ] INIT File
[ info ] [ BEHAVIOR ] Run \addons\cms\Cms @app_init [ RunTime:0.001440s ]
[ info ] [ BEHAVIOR ] Run \addons\epay\Epay @app_init [ RunTime:0.000026s ]
[ info ] [ BEHAVIOR ] Run Closure @app_init [ RunTime:0.000043s ]
[ info ] [ LANG ] /www/wwwroot/fywjd.jxsxkeji.com/thinkphp/lang/zh-cn.php
[ info ] [ ROUTE ] array (
  'type' => 'module',
  'module' => 
  array (
    0 => '',
    1 => NULL,
    2 => NULL,
  ),
)
[ info ] [ HEADER ] array (
  'accept-language' => 'zh-CN,zh;q=0.9',
  'cache-control' => 'no-cache',
  'connection' => 'keep-alive',
  'accept' => 'text/html,application/xhtml+xml,application/xml;q=0.9,image/avif,image/webp,image/apng,*/*;q=0.8,application/signed-exchange;v=b3;q=0.9',
  'accept-encoding' => 'gzip, deflate',
  'user-agent' => 'Dalvik/2.1.0 (Linux; U; Android 7.0; ZTE BA520 Build/MRA58K)',
  'host' => 'fywjd.jxsxkeji.com',
  'content-type' => '',
  'content-length' => '',
)
[ info ] [ PARAM ] array (
)
[ info ] [ LANG ] /www/wwwroot/fywjd.jxsxkeji.com/public/../application/admin/lang/zh-cn.php
[ info ] [ BEHAVIOR ] Run app\common\behavior\Common @module_init [ RunTime:0.000930s ]
[ info ] [ SESSION ] INIT array (
  'id' => '',
  'var_session_id' => '',
  'prefix' => 'think',
  'type' => '',
  'auto_start' => true,
  'expire' => 86400,
)
[ info ] [ BEHAVIOR ] Run app\admin\behavior\AdminLog @app_end [ RunTime:0.000047s ]
[ info ] [ BEHAVIOR ] Run \addons\cms\Cms @response_send [ RunTime:0.000476s ]
[ info ] [ LOG ] INIT File
---------------------------------------------------------------
[ 2021-08-12T20:02:53+08:00 ] 113.31.114.242 GET fywjd.jxsxkeji.com/admin/index/login
[运行时间：0.022036s] [吞吐率：45.38req/s] [内存消耗：3,564.59kb] [文件加载：90]
[ info ] [ BEHAVIOR ] Run Closure @app_init [ RunTime:0.000017s ]
[ info ] [ CACHE ] INIT File
[ info ] [ BEHAVIOR ] Run \addons\cms\Cms @app_init [ RunTime:0.001425s ]
[ info ] [ BEHAVIOR ] Run \addons\epay\Epay @app_init [ RunTime:0.000027s ]
[ info ] [ BEHAVIOR ] Run Closure @app_init [ RunTime:0.000042s ]
[ info ] [ LANG ] /www/wwwroot/fywjd.jxsxkeji.com/thinkphp/lang/zh-cn.php
[ info ] [ ROUTE ] array (
  'type' => 'module',
  'module' => 
  array (
    0 => 'admin',
    1 => 'index',
    2 => 'login',
  ),
)
[ info ] [ HEADER ] array (
  'cookie' => 'PHPSESSID=2r70uumjif4197v1v9sbemi8jj',
  'accept-language' => 'zh-CN,zh;q=0.9',
  'cache-control' => 'no-cache',
  'connection' => 'keep-alive',
  'accept' => 'text/html,application/xhtml+xml,application/xml;q=0.9,image/avif,image/webp,image/apng,*/*;q=0.8,application/signed-exchange;v=b3;q=0.9',
  'accept-encoding' => 'gzip, deflate',
  'user-agent' => 'Dalvik/2.1.0 (Linux; U; Android 7.0; ZTE BA520 Build/MRA58K)',
  'host' => 'fywjd.jxsxkeji.com',
  'content-type' => '',
  'content-length' => '',
)
[ info ] [ PARAM ] array (
)
[ info ] [ LANG ] /www/wwwroot/fywjd.jxsxkeji.com/public/../application/admin/lang/zh-cn.php
[ info ] [ BEHAVIOR ] Run app\common\behavior\Common @module_init [ RunTime:0.000916s ]
[ info ] [ SESSION ] INIT array (
  'id' => '',
  'var_session_id' => '',
  'prefix' => 'think',
  'type' => '',
  'auto_start' => true,
  'expire' => 86400,
)
[ info ] [ BEHAVIOR ] Run \addons\geetest\Geetest @config_init [ RunTime:0.000091s ]
[ info ] [ BEHAVIOR ] Run \addons\nkeditor\Nkeditor @config_init [ RunTime:0.000061s ]
[ info ] [ LANG ] /www/wwwroot/fywjd.jxsxkeji.com/public/../application/admin/lang/zh-cn/index.php
[ info ] [ BEHAVIOR ] Run \addons\geetest\Geetest @action_begin [ RunTime:0.000019s ]
[ info ] [ RUN ] app\admin\controller\Index->login[ /www/wwwroot/fywjd.jxsxkeji.com/application/admin/controller/Index.php ]
[ info ] [ BEHAVIOR ] Run \addons\loginbg\Loginbg @admin_login_init [ RunTime:0.000078s ]
[ info ] [ VIEW ] /www/wwwroot/fywjd.jxsxkeji.com/public/../application/admin/view/index/login.html [ array (
  0 => 'breadcrumb',
  1 => 'site',
  2 => 'config',
  3 => 'auth',
  4 => 'admin',
  5 => 'logo',
  6 => 'back',
  7 => 'title',
  8 => 'background',
) ]
[ info ] [ BEHAVIOR ] Run app\admin\behavior\AdminLog @app_end [ RunTime:0.000057s ]
[ info ] [ BEHAVIOR ] Run \addons\cms\Cms @response_send [ RunTime:0.000047s ]
[ info ] [ LOG ] INIT File
[ error ] [2]ini_set(): A session is active. You cannot change the session module's ini settings at this time[/www/wwwroot/fywjd.jxsxkeji.com/thinkphp/library/think/Cookie.php:49]
