---------------------------------------------------------------
[ 2021-08-16T05:14:57+08:00 ] 47.101.52.174 GET fywjd.jxsxkeji.com/
[运行时间：0.151720s] [吞吐率：6.59req/s] [内存消耗：3,230.34kb] [文件加载：82]
[ info ] [ BEHAVIOR ] Run Closure @app_init [ RunTime:0.000017s ]
[ info ] [ CACHE ] INIT File
[ info ] [ BEHAVIOR ] Run \addons\cms\Cms @app_init [ RunTime:0.064477s ]
[ info ] [ BEHAVIOR ] Run \addons\epay\Epay @app_init [ RunTime:0.000042s ]
[ info ] [ BEHAVIOR ] Run Closure @app_init [ RunTime:0.000064s ]
[ info ] [ LANG ] /www/wwwroot/fywjd.jxsxkeji.com/thinkphp/lang/zh-cn.php
[ info ] [ ROUTE ] array (
  'type' => 'module',
  'module' => 
  array (
    0 => '',
    1 => NULL,
    2 => NULL,
  ),
)
[ info ] [ HEADER ] array (
  'accept-encoding' => 'gzip',
  'connection' => 'Keep-Alive',
  'host' => 'fywjd.jxsxkeji.com',
  'user-agent' => 'Mozilla/5.0 (X11; Ubuntu; Linux x86_64; rv:36.0) Gecko/20100101 Firefox/36.0',
  'content-type' => '',
  'content-length' => '',
)
[ info ] [ PARAM ] array (
)
[ info ] [ LANG ] /www/wwwroot/fywjd.jxsxkeji.com/public/../application/admin/lang/zh-cn.php
[ info ] [ BEHAVIOR ] Run app\common\behavior\Common @module_init [ RunTime:0.003720s ]
[ info ] [ SESSION ] INIT array (
  'id' => '',
  'var_session_id' => '',
  'prefix' => 'think',
  'type' => '',
  'auto_start' => true,
  'expire' => 86400,
)
[ info ] [ BEHAVIOR ] Run app\admin\behavior\AdminLog @app_end [ RunTime:0.000602s ]
[ info ] [ BEHAVIOR ] Run \addons\cms\Cms @response_send [ RunTime:0.000823s ]
[ info ] [ LOG ] INIT File
---------------------------------------------------------------
[ 2021-08-16T05:14:57+08:00 ] 47.101.52.174 GET fywjd.jxsxkeji.com/admin/index/login
[运行时间：0.026882s] [吞吐率：37.20req/s] [内存消耗：3,560.20kb] [文件加载：90]
[ info ] [ BEHAVIOR ] Run Closure @app_init [ RunTime:0.000015s ]
[ info ] [ CACHE ] INIT File
[ info ] [ BEHAVIOR ] Run \addons\cms\Cms @app_init [ RunTime:0.001448s ]
[ info ] [ BEHAVIOR ] Run \addons\epay\Epay @app_init [ RunTime:0.000031s ]
[ info ] [ BEHAVIOR ] Run Closure @app_init [ RunTime:0.000047s ]
[ info ] [ LANG ] /www/wwwroot/fywjd.jxsxkeji.com/thinkphp/lang/zh-cn.php
[ info ] [ ROUTE ] array (
  'type' => 'module',
  'module' => 
  array (
    0 => 'admin',
    1 => 'index',
    2 => 'login',
  ),
)
[ info ] [ HEADER ] array (
  'accept-encoding' => 'gzip',
  'connection' => 'Keep-Alive',
  'host' => 'fywjd.jxsxkeji.com',
  'user-agent' => 'Mozilla/5.0 (X11; Ubuntu; Linux x86_64; rv:36.0) Gecko/20100101 Firefox/36.0',
  'content-type' => '',
  'content-length' => '',
)
[ info ] [ PARAM ] array (
)
[ info ] [ LANG ] /www/wwwroot/fywjd.jxsxkeji.com/public/../application/admin/lang/zh-cn.php
[ info ] [ BEHAVIOR ] Run app\common\behavior\Common @module_init [ RunTime:0.000921s ]
[ info ] [ SESSION ] INIT array (
  'id' => '',
  'var_session_id' => '',
  'prefix' => 'think',
  'type' => '',
  'auto_start' => true,
  'expire' => 86400,
)
[ info ] [ BEHAVIOR ] Run \addons\geetest\Geetest @config_init [ RunTime:0.000464s ]
[ info ] [ BEHAVIOR ] Run \addons\nkeditor\Nkeditor @config_init [ RunTime:0.000380s ]
[ info ] [ LANG ] /www/wwwroot/fywjd.jxsxkeji.com/public/../application/admin/lang/zh-cn/index.php
[ info ] [ BEHAVIOR ] Run \addons\geetest\Geetest @action_begin [ RunTime:0.000024s ]
[ info ] [ RUN ] app\admin\controller\Index->login[ /www/wwwroot/fywjd.jxsxkeji.com/application/admin/controller/Index.php ]
[ info ] [ BEHAVIOR ] Run \addons\loginbg\Loginbg @admin_login_init [ RunTime:0.000318s ]
[ info ] [ VIEW ] /www/wwwroot/fywjd.jxsxkeji.com/public/../application/admin/view/index/login.html [ array (
  0 => 'breadcrumb',
  1 => 'site',
  2 => 'config',
  3 => 'auth',
  4 => 'admin',
  5 => 'logo',
  6 => 'back',
  7 => 'title',
  8 => 'background',
) ]
[ info ] [ BEHAVIOR ] Run app\admin\behavior\AdminLog @app_end [ RunTime:0.000049s ]
[ info ] [ BEHAVIOR ] Run \addons\cms\Cms @response_send [ RunTime:0.000044s ]
[ info ] [ LOG ] INIT File
[ error ] [2]ini_set(): A session is active. You cannot change the session module's ini settings at this time[/www/wwwroot/fywjd.jxsxkeji.com/thinkphp/library/think/Cookie.php:49]
---------------------------------------------------------------
[ 2021-08-16T05:19:02+08:00 ] 47.98.97.252 GET fywjd.jxsxkeji.com/
[运行时间：0.019833s] [吞吐率：50.42req/s] [内存消耗：3,230.34kb] [文件加载：82]
[ info ] [ BEHAVIOR ] Run Closure @app_init [ RunTime:0.000017s ]
[ info ] [ CACHE ] INIT File
[ info ] [ BEHAVIOR ] Run \addons\cms\Cms @app_init [ RunTime:0.001549s ]
[ info ] [ BEHAVIOR ] Run \addons\epay\Epay @app_init [ RunTime:0.000025s ]
[ info ] [ BEHAVIOR ] Run Closure @app_init [ RunTime:0.000041s ]
[ info ] [ LANG ] /www/wwwroot/fywjd.jxsxkeji.com/thinkphp/lang/zh-cn.php
[ info ] [ ROUTE ] array (
  'type' => 'module',
  'module' => 
  array (
    0 => '',
    1 => NULL,
    2 => NULL,
  ),
)
[ info ] [ HEADER ] array (
  'accept-encoding' => 'gzip',
  'connection' => 'Keep-Alive',
  'host' => 'fywjd.jxsxkeji.com',
  'user-agent' => 'Mozilla/5.0 (X11; Ubuntu; Linux x86_64; rv:36.0) Gecko/20100101 Firefox/36.0',
  'content-type' => '',
  'content-length' => '',
)
[ info ] [ PARAM ] array (
)
[ info ] [ LANG ] /www/wwwroot/fywjd.jxsxkeji.com/public/../application/admin/lang/zh-cn.php
[ info ] [ BEHAVIOR ] Run app\common\behavior\Common @module_init [ RunTime:0.001000s ]
[ info ] [ SESSION ] INIT array (
  'id' => '',
  'var_session_id' => '',
  'prefix' => 'think',
  'type' => '',
  'auto_start' => true,
  'expire' => 86400,
)
[ info ] [ BEHAVIOR ] Run app\admin\behavior\AdminLog @app_end [ RunTime:0.000047s ]
[ info ] [ BEHAVIOR ] Run \addons\cms\Cms @response_send [ RunTime:0.000550s ]
[ info ] [ LOG ] INIT File
---------------------------------------------------------------
[ 2021-08-16T05:19:02+08:00 ] 47.98.97.252 GET fywjd.jxsxkeji.com/admin/index/login
[运行时间：0.021956s] [吞吐率：45.55req/s] [内存消耗：3,560.20kb] [文件加载：90]
[ info ] [ BEHAVIOR ] Run Closure @app_init [ RunTime:0.000015s ]
[ info ] [ CACHE ] INIT File
[ info ] [ BEHAVIOR ] Run \addons\cms\Cms @app_init [ RunTime:0.001447s ]
[ info ] [ BEHAVIOR ] Run \addons\epay\Epay @app_init [ RunTime:0.000026s ]
[ info ] [ BEHAVIOR ] Run Closure @app_init [ RunTime:0.000043s ]
[ info ] [ LANG ] /www/wwwroot/fywjd.jxsxkeji.com/thinkphp/lang/zh-cn.php
[ info ] [ ROUTE ] array (
  'type' => 'module',
  'module' => 
  array (
    0 => 'admin',
    1 => 'index',
    2 => 'login',
  ),
)
[ info ] [ HEADER ] array (
  'accept-encoding' => 'gzip',
  'connection' => 'Keep-Alive',
  'host' => 'fywjd.jxsxkeji.com',
  'user-agent' => 'Mozilla/5.0 (X11; Ubuntu; Linux x86_64; rv:36.0) Gecko/20100101 Firefox/36.0',
  'content-type' => '',
  'content-length' => '',
)
[ info ] [ PARAM ] array (
)
[ info ] [ LANG ] /www/wwwroot/fywjd.jxsxkeji.com/public/../application/admin/lang/zh-cn.php
[ info ] [ BEHAVIOR ] Run app\common\behavior\Common @module_init [ RunTime:0.000940s ]
[ info ] [ SESSION ] INIT array (
  'id' => '',
  'var_session_id' => '',
  'prefix' => 'think',
  'type' => '',
  'auto_start' => true,
  'expire' => 86400,
)
[ info ] [ BEHAVIOR ] Run \addons\geetest\Geetest @config_init [ RunTime:0.000096s ]
[ info ] [ BEHAVIOR ] Run \addons\nkeditor\Nkeditor @config_init [ RunTime:0.000061s ]
[ info ] [ LANG ] /www/wwwroot/fywjd.jxsxkeji.com/public/../application/admin/lang/zh-cn/index.php
[ info ] [ BEHAVIOR ] Run \addons\geetest\Geetest @action_begin [ RunTime:0.000017s ]
[ info ] [ RUN ] app\admin\controller\Index->login[ /www/wwwroot/fywjd.jxsxkeji.com/application/admin/controller/Index.php ]
[ info ] [ BEHAVIOR ] Run \addons\loginbg\Loginbg @admin_login_init [ RunTime:0.000088s ]
[ info ] [ VIEW ] /www/wwwroot/fywjd.jxsxkeji.com/public/../application/admin/view/index/login.html [ array (
  0 => 'breadcrumb',
  1 => 'site',
  2 => 'config',
  3 => 'auth',
  4 => 'admin',
  5 => 'logo',
  6 => 'back',
  7 => 'title',
  8 => 'background',
) ]
[ info ] [ BEHAVIOR ] Run app\admin\behavior\AdminLog @app_end [ RunTime:0.000045s ]
[ info ] [ BEHAVIOR ] Run \addons\cms\Cms @response_send [ RunTime:0.000044s ]
[ info ] [ LOG ] INIT File
[ error ] [2]ini_set(): A session is active. You cannot change the session module's ini settings at this time[/www/wwwroot/fywjd.jxsxkeji.com/thinkphp/library/think/Cookie.php:49]
---------------------------------------------------------------
[ 2021-08-16T12:39:53+08:00 ] 106.53.83.56 GET fywjd.jxsxkeji.com/admin/index/login
[运行时间：0.268657s] [吞吐率：3.72req/s] [内存消耗：3,560.47kb] [文件加载：90]
[ info ] [ BEHAVIOR ] Run Closure @app_init [ RunTime:0.000020s ]
[ info ] [ CACHE ] INIT File
[ info ] [ BEHAVIOR ] Run \addons\cms\Cms @app_init [ RunTime:0.004513s ]
[ info ] [ BEHAVIOR ] Run \addons\epay\Epay @app_init [ RunTime:0.000033s ]
[ info ] [ BEHAVIOR ] Run Closure @app_init [ RunTime:0.000053s ]
[ info ] [ LANG ] /www/wwwroot/fywjd.jxsxkeji.com/thinkphp/lang/zh-cn.php
[ info ] [ ROUTE ] array (
  'type' => 'module',
  'module' => 
  array (
    0 => 'admin',
    1 => 'index',
    2 => 'login',
  ),
)
[ info ] [ HEADER ] array (
  'connection' => 'close',
  'accept-encoding' => 'gzip',
  'user-agent' => 'Mozilla/5.0 (compatible; ThinkBot/0.3.0; +In_the_test_phase,_if_the_spider_brings_you_trouble,_please_add_our_IP_to_the_blacklist._Thank_you.)',
  'host' => 'fywjd.jxsxkeji.com',
  'content-type' => '',
  'content-length' => '',
)
[ info ] [ PARAM ] array (
)
[ info ] [ LANG ] /www/wwwroot/fywjd.jxsxkeji.com/public/../application/admin/lang/zh-cn.php
[ info ] [ BEHAVIOR ] Run app\common\behavior\Common @module_init [ RunTime:0.002632s ]
[ info ] [ SESSION ] INIT array (
  'id' => '',
  'var_session_id' => '',
  'prefix' => 'think',
  'type' => '',
  'auto_start' => true,
  'expire' => 86400,
)
[ info ] [ BEHAVIOR ] Run \addons\geetest\Geetest @config_init [ RunTime:0.000579s ]
[ info ] [ BEHAVIOR ] Run \addons\nkeditor\Nkeditor @config_init [ RunTime:0.000463s ]
[ info ] [ LANG ] /www/wwwroot/fywjd.jxsxkeji.com/public/../application/admin/lang/zh-cn/index.php
[ info ] [ BEHAVIOR ] Run \addons\geetest\Geetest @action_begin [ RunTime:0.000026s ]
[ info ] [ RUN ] app\admin\controller\Index->login[ /www/wwwroot/fywjd.jxsxkeji.com/application/admin/controller/Index.php ]
[ info ] [ BEHAVIOR ] Run \addons\loginbg\Loginbg @admin_login_init [ RunTime:0.000397s ]
[ info ] [ VIEW ] /www/wwwroot/fywjd.jxsxkeji.com/public/../application/admin/view/index/login.html [ array (
  0 => 'breadcrumb',
  1 => 'site',
  2 => 'config',
  3 => 'auth',
  4 => 'admin',
  5 => 'logo',
  6 => 'back',
  7 => 'title',
  8 => 'background',
) ]
[ info ] [ BEHAVIOR ] Run app\admin\behavior\AdminLog @app_end [ RunTime:0.000717s ]
[ info ] [ BEHAVIOR ] Run \addons\cms\Cms @response_send [ RunTime:0.000070s ]
[ info ] [ LOG ] INIT File
[ error ] [2]ini_set(): A session is active. You cannot change the session module's ini settings at this time[/www/wwwroot/fywjd.jxsxkeji.com/thinkphp/library/think/Cookie.php:49]
