---------------------------------------------------------------
[ 2021-08-21T04:52:21+08:00 ] 47.101.53.251 GET fywjd.jxsxkeji.com/
[运行时间：0.130979s] [吞吐率：7.63req/s] [内存消耗：3,230.34kb] [文件加载：82]
[ info ] [ BEHAVIOR ] Run Closure @app_init [ RunTime:0.000019s ]
[ info ] [ CACHE ] INIT File
[ info ] [ BEHAVIOR ] Run \addons\cms\Cms @app_init [ RunTime:0.002926s ]
[ info ] [ BEHAVIOR ] Run \addons\epay\Epay @app_init [ RunTime:0.000030s ]
[ info ] [ BEHAVIOR ] Run Closure @app_init [ RunTime:0.000048s ]
[ info ] [ LANG ] /www/wwwroot/fywjd.jxsxkeji.com/thinkphp/lang/zh-cn.php
[ info ] [ ROUTE ] array (
  'type' => 'module',
  'module' => 
  array (
    0 => '',
    1 => NULL,
    2 => NULL,
  ),
)
[ info ] [ HEADER ] array (
  'accept-encoding' => 'gzip',
  'connection' => 'Keep-Alive',
  'host' => 'fywjd.jxsxkeji.com',
  'user-agent' => 'Mozilla/5.0 (X11; Ubuntu; Linux x86_64; rv:36.0) Gecko/20100101 Firefox/36.0',
  'content-type' => '',
  'content-length' => '',
)
[ info ] [ PARAM ] array (
)
[ info ] [ LANG ] /www/wwwroot/fywjd.jxsxkeji.com/public/../application/admin/lang/zh-cn.php
[ info ] [ BEHAVIOR ] Run app\common\behavior\Common @module_init [ RunTime:0.001970s ]
[ info ] [ SESSION ] INIT array (
  'id' => '',
  'var_session_id' => '',
  'prefix' => 'think',
  'type' => '',
  'auto_start' => true,
  'expire' => 86400,
)
[ info ] [ BEHAVIOR ] Run app\admin\behavior\AdminLog @app_end [ RunTime:0.000703s ]
[ info ] [ BEHAVIOR ] Run \addons\cms\Cms @response_send [ RunTime:0.000858s ]
[ info ] [ LOG ] INIT File
---------------------------------------------------------------
[ 2021-08-21T04:52:21+08:00 ] 47.101.53.251 GET fywjd.jxsxkeji.com/admin/index/login
[运行时间：0.026999s] [吞吐率：37.04req/s] [内存消耗：3,560.20kb] [文件加载：90]
[ info ] [ BEHAVIOR ] Run Closure @app_init [ RunTime:0.000014s ]
[ info ] [ CACHE ] INIT File
[ info ] [ BEHAVIOR ] Run \addons\cms\Cms @app_init [ RunTime:0.001424s ]
[ info ] [ BEHAVIOR ] Run \addons\epay\Epay @app_init [ RunTime:0.000026s ]
[ info ] [ BEHAVIOR ] Run Closure @app_init [ RunTime:0.000042s ]
[ info ] [ LANG ] /www/wwwroot/fywjd.jxsxkeji.com/thinkphp/lang/zh-cn.php
[ info ] [ ROUTE ] array (
  'type' => 'module',
  'module' => 
  array (
    0 => 'admin',
    1 => 'index',
    2 => 'login',
  ),
)
[ info ] [ HEADER ] array (
  'accept-encoding' => 'gzip',
  'connection' => 'Keep-Alive',
  'host' => 'fywjd.jxsxkeji.com',
  'user-agent' => 'Mozilla/5.0 (X11; Ubuntu; Linux x86_64; rv:36.0) Gecko/20100101 Firefox/36.0',
  'content-type' => '',
  'content-length' => '',
)
[ info ] [ PARAM ] array (
)
[ info ] [ LANG ] /www/wwwroot/fywjd.jxsxkeji.com/public/../application/admin/lang/zh-cn.php
[ info ] [ BEHAVIOR ] Run app\common\behavior\Common @module_init [ RunTime:0.000912s ]
[ info ] [ SESSION ] INIT array (
  'id' => '',
  'var_session_id' => '',
  'prefix' => 'think',
  'type' => '',
  'auto_start' => true,
  'expire' => 86400,
)
[ info ] [ BEHAVIOR ] Run \addons\geetest\Geetest @config_init [ RunTime:0.000399s ]
[ info ] [ BEHAVIOR ] Run \addons\nkeditor\Nkeditor @config_init [ RunTime:0.000425s ]
[ info ] [ LANG ] /www/wwwroot/fywjd.jxsxkeji.com/public/../application/admin/lang/zh-cn/index.php
[ info ] [ BEHAVIOR ] Run \addons\geetest\Geetest @action_begin [ RunTime:0.000024s ]
[ info ] [ RUN ] app\admin\controller\Index->login[ /www/wwwroot/fywjd.jxsxkeji.com/application/admin/controller/Index.php ]
[ info ] [ BEHAVIOR ] Run \addons\loginbg\Loginbg @admin_login_init [ RunTime:0.000337s ]
[ info ] [ VIEW ] /www/wwwroot/fywjd.jxsxkeji.com/public/../application/admin/view/index/login.html [ array (
  0 => 'breadcrumb',
  1 => 'site',
  2 => 'config',
  3 => 'auth',
  4 => 'admin',
  5 => 'logo',
  6 => 'back',
  7 => 'title',
  8 => 'background',
) ]
[ info ] [ BEHAVIOR ] Run app\admin\behavior\AdminLog @app_end [ RunTime:0.000048s ]
[ info ] [ BEHAVIOR ] Run \addons\cms\Cms @response_send [ RunTime:0.000045s ]
[ info ] [ LOG ] INIT File
[ error ] [2]ini_set(): A session is active. You cannot change the session module's ini settings at this time[/www/wwwroot/fywjd.jxsxkeji.com/thinkphp/library/think/Cookie.php:49]
---------------------------------------------------------------
[ 2021-08-21T05:58:04+08:00 ] 47.100.38.232 GET fywjd.jxsxkeji.com/
[运行时间：0.019856s] [吞吐率：50.36req/s] [内存消耗：3,230.34kb] [文件加载：82]
[ info ] [ BEHAVIOR ] Run Closure @app_init [ RunTime:0.000016s ]
[ info ] [ CACHE ] INIT File
[ info ] [ BEHAVIOR ] Run \addons\cms\Cms @app_init [ RunTime:0.001533s ]
[ info ] [ BEHAVIOR ] Run \addons\epay\Epay @app_init [ RunTime:0.000025s ]
[ info ] [ BEHAVIOR ] Run Closure @app_init [ RunTime:0.000040s ]
[ info ] [ LANG ] /www/wwwroot/fywjd.jxsxkeji.com/thinkphp/lang/zh-cn.php
[ info ] [ ROUTE ] array (
  'type' => 'module',
  'module' => 
  array (
    0 => '',
    1 => NULL,
    2 => NULL,
  ),
)
[ info ] [ HEADER ] array (
  'accept-encoding' => 'gzip',
  'connection' => 'Keep-Alive',
  'host' => 'fywjd.jxsxkeji.com',
  'user-agent' => 'Mozilla/5.0 (X11; Ubuntu; Linux x86_64; rv:36.0) Gecko/20100101 Firefox/36.0',
  'content-type' => '',
  'content-length' => '',
)
[ info ] [ PARAM ] array (
)
[ info ] [ LANG ] /www/wwwroot/fywjd.jxsxkeji.com/public/../application/admin/lang/zh-cn.php
[ info ] [ BEHAVIOR ] Run app\common\behavior\Common @module_init [ RunTime:0.000997s ]
[ info ] [ SESSION ] INIT array (
  'id' => '',
  'var_session_id' => '',
  'prefix' => 'think',
  'type' => '',
  'auto_start' => true,
  'expire' => 86400,
)
[ info ] [ BEHAVIOR ] Run app\admin\behavior\AdminLog @app_end [ RunTime:0.000047s ]
[ info ] [ BEHAVIOR ] Run \addons\cms\Cms @response_send [ RunTime:0.000539s ]
[ info ] [ LOG ] INIT File
---------------------------------------------------------------
[ 2021-08-21T05:58:04+08:00 ] 47.100.38.232 GET fywjd.jxsxkeji.com/admin/index/login
[运行时间：0.021930s] [吞吐率：45.60req/s] [内存消耗：3,560.20kb] [文件加载：90]
[ info ] [ BEHAVIOR ] Run Closure @app_init [ RunTime:0.000014s ]
[ info ] [ CACHE ] INIT File
[ info ] [ BEHAVIOR ] Run \addons\cms\Cms @app_init [ RunTime:0.001416s ]
[ info ] [ BEHAVIOR ] Run \addons\epay\Epay @app_init [ RunTime:0.000025s ]
[ info ] [ BEHAVIOR ] Run Closure @app_init [ RunTime:0.000041s ]
[ info ] [ LANG ] /www/wwwroot/fywjd.jxsxkeji.com/thinkphp/lang/zh-cn.php
[ info ] [ ROUTE ] array (
  'type' => 'module',
  'module' => 
  array (
    0 => 'admin',
    1 => 'index',
    2 => 'login',
  ),
)
[ info ] [ HEADER ] array (
  'accept-encoding' => 'gzip',
  'connection' => 'Keep-Alive',
  'host' => 'fywjd.jxsxkeji.com',
  'user-agent' => 'Mozilla/5.0 (X11; Ubuntu; Linux x86_64; rv:36.0) Gecko/20100101 Firefox/36.0',
  'content-type' => '',
  'content-length' => '',
)
[ info ] [ PARAM ] array (
)
[ info ] [ LANG ] /www/wwwroot/fywjd.jxsxkeji.com/public/../application/admin/lang/zh-cn.php
[ info ] [ BEHAVIOR ] Run app\common\behavior\Common @module_init [ RunTime:0.000934s ]
[ info ] [ SESSION ] INIT array (
  'id' => '',
  'var_session_id' => '',
  'prefix' => 'think',
  'type' => '',
  'auto_start' => true,
  'expire' => 86400,
)
[ info ] [ BEHAVIOR ] Run \addons\geetest\Geetest @config_init [ RunTime:0.000102s ]
[ info ] [ BEHAVIOR ] Run \addons\nkeditor\Nkeditor @config_init [ RunTime:0.000061s ]
[ info ] [ LANG ] /www/wwwroot/fywjd.jxsxkeji.com/public/../application/admin/lang/zh-cn/index.php
[ info ] [ BEHAVIOR ] Run \addons\geetest\Geetest @action_begin [ RunTime:0.000018s ]
[ info ] [ RUN ] app\admin\controller\Index->login[ /www/wwwroot/fywjd.jxsxkeji.com/application/admin/controller/Index.php ]
[ info ] [ BEHAVIOR ] Run \addons\loginbg\Loginbg @admin_login_init [ RunTime:0.000076s ]
[ info ] [ VIEW ] /www/wwwroot/fywjd.jxsxkeji.com/public/../application/admin/view/index/login.html [ array (
  0 => 'breadcrumb',
  1 => 'site',
  2 => 'config',
  3 => 'auth',
  4 => 'admin',
  5 => 'logo',
  6 => 'back',
  7 => 'title',
  8 => 'background',
) ]
[ info ] [ BEHAVIOR ] Run app\admin\behavior\AdminLog @app_end [ RunTime:0.000045s ]
[ info ] [ BEHAVIOR ] Run \addons\cms\Cms @response_send [ RunTime:0.000043s ]
[ info ] [ LOG ] INIT File
[ error ] [2]ini_set(): A session is active. You cannot change the session module's ini settings at this time[/www/wwwroot/fywjd.jxsxkeji.com/thinkphp/library/think/Cookie.php:49]
---------------------------------------------------------------
[ 2021-08-21T18:25:45+08:00 ] 61.135.15.141 GET fywjd.jxsxkeji.com/
[运行时间：0.076350s] [吞吐率：13.10req/s] [内存消耗：3,230.23kb] [文件加载：82]
[ info ] [ BEHAVIOR ] Run Closure @app_init [ RunTime:0.000016s ]
[ info ] [ CACHE ] INIT File
[ info ] [ BEHAVIOR ] Run \addons\cms\Cms @app_init [ RunTime:0.003810s ]
[ info ] [ BEHAVIOR ] Run \addons\epay\Epay @app_init [ RunTime:0.000026s ]
[ info ] [ BEHAVIOR ] Run Closure @app_init [ RunTime:0.000042s ]
[ info ] [ LANG ] /www/wwwroot/fywjd.jxsxkeji.com/thinkphp/lang/zh-cn.php
[ info ] [ ROUTE ] array (
  'type' => 'module',
  'module' => 
  array (
    0 => '',
    1 => NULL,
    2 => NULL,
  ),
)
[ info ] [ HEADER ] array (
  'connection' => 'close',
  'host' => 'fywjd.jxsxkeji.com',
  'user-agent' => 'Mozilla/5.0 (Linux; Android 10.0; MI 2 Build/O012) AppleWebKit/537.36 (KHTML, like Gecko) Chrome/88.0.4472.114 Mobile Safari/537.36',
  'content-type' => '',
  'content-length' => '',
)
[ info ] [ PARAM ] array (
)
[ info ] [ LANG ] /www/wwwroot/fywjd.jxsxkeji.com/public/../application/admin/lang/zh-cn.php
[ info ] [ BEHAVIOR ] Run app\common\behavior\Common @module_init [ RunTime:0.002671s ]
[ info ] [ SESSION ] INIT array (
  'id' => '',
  'var_session_id' => '',
  'prefix' => 'think',
  'type' => '',
  'auto_start' => true,
  'expire' => 86400,
)
[ info ] [ BEHAVIOR ] Run app\admin\behavior\AdminLog @app_end [ RunTime:0.001798s ]
[ info ] [ BEHAVIOR ] Run \addons\cms\Cms @response_send [ RunTime:0.000815s ]
[ info ] [ LOG ] INIT File
---------------------------------------------------------------
[ 2021-08-21T18:25:51+08:00 ] 61.135.15.141 GET fywjd.jxsxkeji.com/admin/index/login
[运行时间：0.028813s] [吞吐率：34.71req/s] [内存消耗：3,560.43kb] [文件加载：90]
[ info ] [ BEHAVIOR ] Run Closure @app_init [ RunTime:0.000015s ]
[ info ] [ CACHE ] INIT File
[ info ] [ BEHAVIOR ] Run \addons\cms\Cms @app_init [ RunTime:0.001433s ]
[ info ] [ BEHAVIOR ] Run \addons\epay\Epay @app_init [ RunTime:0.000025s ]
[ info ] [ BEHAVIOR ] Run Closure @app_init [ RunTime:0.000042s ]
[ info ] [ LANG ] /www/wwwroot/fywjd.jxsxkeji.com/thinkphp/lang/zh-cn.php
[ info ] [ ROUTE ] array (
  'type' => 'module',
  'module' => 
  array (
    0 => 'admin',
    1 => 'index',
    2 => 'login',
  ),
)
[ info ] [ HEADER ] array (
  'connection' => 'close',
  'host' => 'fywjd.jxsxkeji.com',
  'referer' => 'https://fywjd.jxsxkeji.com/',
  'user-agent' => 'Mozilla/5.0 (Linux; Android 10.0; MI 2 Build/O012) AppleWebKit/537.36 (KHTML, like Gecko) Chrome/88.0.4472.114 Mobile Safari/537.36',
  'content-type' => '',
  'content-length' => '',
)
[ info ] [ PARAM ] array (
)
[ info ] [ LANG ] /www/wwwroot/fywjd.jxsxkeji.com/public/../application/admin/lang/zh-cn.php
[ info ] [ BEHAVIOR ] Run app\common\behavior\Common @module_init [ RunTime:0.000910s ]
[ info ] [ SESSION ] INIT array (
  'id' => '',
  'var_session_id' => '',
  'prefix' => 'think',
  'type' => '',
  'auto_start' => true,
  'expire' => 86400,
)
[ info ] [ BEHAVIOR ] Run \addons\geetest\Geetest @config_init [ RunTime:0.000414s ]
[ info ] [ BEHAVIOR ] Run \addons\nkeditor\Nkeditor @config_init [ RunTime:0.000464s ]
[ info ] [ LANG ] /www/wwwroot/fywjd.jxsxkeji.com/public/../application/admin/lang/zh-cn/index.php
[ info ] [ BEHAVIOR ] Run \addons\geetest\Geetest @action_begin [ RunTime:0.000031s ]
[ info ] [ RUN ] app\admin\controller\Index->login[ /www/wwwroot/fywjd.jxsxkeji.com/application/admin/controller/Index.php ]
[ info ] [ BEHAVIOR ] Run \addons\loginbg\Loginbg @admin_login_init [ RunTime:0.000362s ]
[ info ] [ VIEW ] /www/wwwroot/fywjd.jxsxkeji.com/public/../application/admin/view/index/login.html [ array (
  0 => 'breadcrumb',
  1 => 'site',
  2 => 'config',
  3 => 'auth',
  4 => 'admin',
  5 => 'logo',
  6 => 'back',
  7 => 'title',
  8 => 'background',
) ]
[ info ] [ BEHAVIOR ] Run app\admin\behavior\AdminLog @app_end [ RunTime:0.000057s ]
[ info ] [ BEHAVIOR ] Run \addons\cms\Cms @response_send [ RunTime:0.000046s ]
[ info ] [ LOG ] INIT File
[ error ] [2]ini_set(): A session is active. You cannot change the session module's ini settings at this time[/www/wwwroot/fywjd.jxsxkeji.com/thinkphp/library/think/Cookie.php:49]
